2026-04-14 20:01:14,424 - INFO - [31m[1mWARNING: This is a development server. Do not use it in a production deployment. Use a production WSGI server instead.[0m
 * Running on http://127.0.0.1:5000
2026-04-14 20:01:14,424 - INFO - [33mPress CTRL+C to quit[0m
2026-04-14 20:22:30,262 - INFO - USER REGISTERED: sofia_test with role Visitor
2026-04-14 20:22:30,276 - INFO - 127.0.0.1 - - [14/Apr/2026 20:22:30] "[35m[1mPOST /api/register HTTP/1.1[0m" 201 -
2026-04-14 20:26:53,780 - INFO - LOGIN SUCCESS: sofia_test
2026-04-14 20:26:53,783 - INFO - 127.0.0.1 - - [14/Apr/2026 20:26:53] "POST /api/login HTTP/1.1" 200 -
2026-04-14 20:29:42,359 - WARNING - ACCESS DENIED: sofia_test attempted restricted access.
2026-04-14 20:29:42,360 - INFO - 127.0.0.1 - - [14/Apr/2026 20:29:42] "[31m[1mPOST /api/admin/promote HTTP/1.1[0m" 403 -
2026-04-14 20:33:16,510 - WARNING - ACCESS DENIED: sofia_test attempted restricted access.
2026-04-14 20:33:16,511 - INFO - 127.0.0.1 - - [14/Apr/2026 20:33:16] "[31m[1mPOST /api/messages/send HTTP/1.1[0m" 403 -
2026-04-14 20:33:26,352 - WARNING - ACCESS DENIED: sofia_test attempted restricted access.
2026-04-14 20:33:26,353 - INFO - 127.0.0.1 - - [14/Apr/2026 20:33:26] "[31m[1mPOST /api/messages/send HTTP/1.1[0m" 403 -
2026-04-14 20:34:56,456 - WARNING - ACCESS DENIED: sofia_test attempted restricted access.
2026-04-14 20:34:56,457 - INFO - 127.0.0.1 - - [14/Apr/2026 20:34:56] "[31m[1mPOST /api/messages/send HTTP/1.1[0m" 403 -
2026-04-14 20:40:12,468 - INFO - LOGIN SUCCESS: sofia_test
2026-04-14 20:40:12,469 - INFO - 127.0.0.1 - - [14/Apr/2026 20:40:12] "POST /api/login HTTP/1.1" 200 -
2026-04-14 20:41:05,293 - INFO - MESSAGE SENT: sofia_test posted to cell_alpha
2026-04-14 20:41:05,294 - INFO - 127.0.0.1 - - [14/Apr/2026 20:41:05] "POST /api/messages/send HTTP/1.1" 200 -
2026-04-14 20:57:53,177 - INFO - [31m[1mWARNING: This is a development server. Do not use it in a production deployment. Use a production WSGI server instead.[0m
 * Running on http://127.0.0.1:5000
2026-04-14 20:57:53,177 - INFO - [33mPress CTRL+C to quit[0m
2026-04-14 21:00:09,149 - INFO - 127.0.0.1 - - [14/Apr/2026 21:00:09] "OPTIONS /api/login HTTP/1.1" 200 -
2026-04-14 21:00:11,195 - INFO - LOGIN SUCCESS: sofia_test
2026-04-14 21:00:11,196 - INFO - 127.0.0.1 - - [14/Apr/2026 21:00:11] "POST /api/login HTTP/1.1" 200 -
2026-04-14 21:25:33,176 - INFO - 127.0.0.1 - - [14/Apr/2026 21:25:33] "OPTIONS /api/messages/send HTTP/1.1" 200 -
2026-04-14 21:25:33,235 - INFO - MESSAGE SENT: sofia_test posted to cell_alpha
2026-04-14 21:25:33,237 - INFO - 127.0.0.1 - - [14/Apr/2026 21:25:33] "POST /api/messages/send HTTP/1.1" 200 -
2026-04-14 21:25:33,256 - INFO - 127.0.0.1 - - [14/Apr/2026 21:25:33] "OPTIONS /api/messages/cell_alpha HTTP/1.1" 200 -
2026-04-14 21:25:33,311 - INFO - 127.0.0.1 - - [14/Apr/2026 21:25:33] "GET /api/messages/cell_alpha HTTP/1.1" 200 -
2026-04-14 21:46:59,688 - INFO - 127.0.0.1 - - [14/Apr/2026 21:46:59] "OPTIONS /api/messages/cell_alpha HTTP/1.1" 200 -
2026-04-14 21:46:59,704 - INFO - 127.0.0.1 - - [14/Apr/2026 21:46:59] "GET /api/messages/cell_alpha HTTP/1.1" 200 -
2026-04-14 21:47:05,156 - INFO - 127.0.0.1 - - [14/Apr/2026 21:47:05] "OPTIONS /api/messages/cell_alpha HTTP/1.1" 200 -
2026-04-14 21:47:05,175 - INFO - 127.0.0.1 - - [14/Apr/2026 21:47:05] "GET /api/messages/cell_alpha HTTP/1.1" 200 -
2026-04-14 21:48:35,722 - INFO - 127.0.0.1 - - [14/Apr/2026 21:48:35] "OPTIONS /api/messages/cell_alpha HTTP/1.1" 200 -
2026-04-14 21:48:35,738 - INFO - 127.0.0.1 - - [14/Apr/2026 21:48:35] "GET /api/messages/cell_alpha HTTP/1.1" 200 -
2026-04-14 21:48:57,685 - INFO - 127.0.0.1 - - [14/Apr/2026 21:48:57] "OPTIONS /api/messages/send HTTP/1.1" 200 -
2026-04-14 21:48:57,695 - INFO - MESSAGE SENT: sofia_test posted to cell_alpha
2026-04-14 21:48:57,696 - INFO - 127.0.0.1 - - [14/Apr/2026 21:48:57] "POST /api/messages/send HTTP/1.1" 200 -
2026-04-14 21:48:57,706 - INFO - 127.0.0.1 - - [14/Apr/2026 21:48:57] "OPTIONS /api/messages/cell_alpha HTTP/1.1" 200 -
2026-04-14 21:48:57,746 - INFO - 127.0.0.1 - - [14/Apr/2026 21:48:57] "GET /api/messages/cell_alpha HTTP/1.1" 200 -
2026-04-14 21:49:00,787 - INFO - 127.0.0.1 - - [14/Apr/2026 21:49:00] "OPTIONS /api/messages/cell_beta HTTP/1.1" 200 -
2026-04-14 21:49:00,805 - INFO - 127.0.0.1 - - [14/Apr/2026 21:49:00] "GET /api/messages/cell_beta HTTP/1.1" 200 -
2026-04-14 21:49:02,815 - INFO - 127.0.0.1 - - [14/Apr/2026 21:49:02] "OPTIONS /api/messages/cell_alpha HTTP/1.1" 200 -
2026-04-14 21:49:02,840 - INFO - 127.0.0.1 - - [14/Apr/2026 21:49:02] "GET /api/messages/cell_alpha HTTP/1.1" 200 -
2026-04-14 21:49:18,154 - INFO - 127.0.0.1 - - [14/Apr/2026 21:49:18] "OPTIONS /api/messages/cell_beta HTTP/1.1" 200 -
2026-04-14 21:49:18,171 - INFO - 127.0.0.1 - - [14/Apr/2026 21:49:18] "GET /api/messages/cell_beta HTTP/1.1" 200 -
2026-04-14 21:49:27,886 - INFO - 127.0.0.1 - - [14/Apr/2026 21:49:27] "OPTIONS /api/messages/send HTTP/1.1" 200 -
2026-04-14 21:49:27,904 - INFO - MESSAGE SENT: sofia_test posted to cell_beta
2026-04-14 21:49:27,906 - INFO - 127.0.0.1 - - [14/Apr/2026 21:49:27] "POST /api/messages/send HTTP/1.1" 200 -
2026-04-14 21:49:27,925 - INFO - 127.0.0.1 - - [14/Apr/2026 21:49:27] "OPTIONS /api/messages/cell_beta HTTP/1.1" 200 -
2026-04-14 21:49:27,974 - INFO - 127.0.0.1 - - [14/Apr/2026 21:49:27] "GET /api/messages/cell_beta HTTP/1.1" 200 -
2026-04-14 21:49:32,257 - INFO - 127.0.0.1 - - [14/Apr/2026 21:49:32] "OPTIONS /api/messages/cell_alpha HTTP/1.1" 200 -
2026-04-14 21:49:32,274 - INFO - 127.0.0.1 - - [14/Apr/2026 21:49:32] "GET /api/messages/cell_alpha HTTP/1.1" 200 -
2026-04-14 21:49:34,695 - INFO - 127.0.0.1 - - [14/Apr/2026 21:49:34] "OPTIONS /api/messages/cell_beta HTTP/1.1" 200 -
2026-04-14 21:49:34,711 - INFO - 127.0.0.1 - - [14/Apr/2026 21:49:34] "GET /api/messages/cell_beta HTTP/1.1" 200 -
2026-04-14 21:49:36,905 - INFO - 127.0.0.1 - - [14/Apr/2026 21:49:36] "OPTIONS /api/messages/cell_omega HTTP/1.1" 200 -
2026-04-14 21:49:36,920 - INFO - 127.0.0.1 - - [14/Apr/2026 21:49:36] "GET /api/messages/cell_omega HTTP/1.1" 200 -
2026-04-14 22:00:36,825 - INFO - [31m[1mWARNING: This is a development server. Do not use it in a production deployment. Use a production WSGI server instead.[0m
 * Running on http://127.0.0.1:5000
2026-04-14 22:00:36,825 - INFO - [33mPress CTRL+C to quit[0m
2026-04-14 22:02:05,721 - INFO - [31m[1mWARNING: This is a development server. Do not use it in a production deployment. Use a production WSGI server instead.[0m
 * Running on http://127.0.0.1:5000
2026-04-14 22:02:05,722 - INFO - [33mPress CTRL+C to quit[0m
2026-04-14 22:31:17,665 - INFO - LOGIN SUCCESS: sofia_test
2026-04-14 22:31:17,667 - INFO - 127.0.0.1 - - [14/Apr/2026 22:31:17] "POST /api/login HTTP/1.1" 200 -
2026-04-14 22:31:22,242 - INFO - LOGIN SUCCESS: sofia_test
2026-04-14 22:31:22,243 - INFO - 127.0.0.1 - - [14/Apr/2026 22:31:22] "POST /api/login HTTP/1.1" 200 -
2026-04-14 22:31:26,553 - INFO - LOGIN SUCCESS: sofia_test
2026-04-14 22:31:26,554 - INFO - 127.0.0.1 - - [14/Apr/2026 22:31:26] "POST /api/login HTTP/1.1" 200 -
2026-04-14 22:31:30,714 - INFO - LOGIN SUCCESS: sofia_test
2026-04-14 22:31:30,715 - INFO - 127.0.0.1 - - [14/Apr/2026 22:31:30] "POST /api/login HTTP/1.1" 200 -
2026-04-14 22:31:35,502 - INFO - LOGIN SUCCESS: sofia_test
2026-04-14 22:31:35,503 - INFO - 127.0.0.1 - - [14/Apr/2026 22:31:35] "POST /api/login HTTP/1.1" 200 -
2026-04-14 22:31:39,761 - INFO - LOGIN SUCCESS: sofia_test
2026-04-14 22:31:39,762 - INFO - 127.0.0.1 - - [14/Apr/2026 22:31:39] "POST /api/login HTTP/1.1" 200 -
2026-04-14 22:31:44,580 - INFO - LOGIN SUCCESS: sofia_test
2026-04-14 22:31:44,581 - INFO - 127.0.0.1 - - [14/Apr/2026 22:31:44] "POST /api/login HTTP/1.1" 200 -
2026-04-14 22:31:59,594 - INFO - LOGIN SUCCESS: sofia_test
2026-04-14 22:31:59,594 - INFO - 127.0.0.1 - - [14/Apr/2026 22:31:59] "POST /api/login HTTP/1.1" 200 -
2026-04-14 22:32:04,406 - INFO - LOGIN SUCCESS: sofia_test
2026-04-14 22:32:04,407 - INFO - 127.0.0.1 - - [14/Apr/2026 22:32:04] "POST /api/login HTTP/1.1" 200 -
2026-04-14 22:32:09,146 - INFO - LOGIN SUCCESS: sofia_test
2026-04-14 22:32:09,147 - INFO - 127.0.0.1 - - [14/Apr/2026 22:32:09] "POST /api/login HTTP/1.1" 200 -
2026-04-14 22:32:14,535 - INFO - LOGIN SUCCESS: sofia_test
2026-04-14 22:32:14,536 - INFO - 127.0.0.1 - - [14/Apr/2026 22:32:14] "POST /api/login HTTP/1.1" 200 -
2026-04-14 22:33:47,091 - INFO - [31m[1mWARNING: This is a development server. Do not use it in a production deployment. Use a production WSGI server instead.[0m
 * Running on http://127.0.0.1:5000
2026-04-14 22:33:47,092 - INFO - [33mPress CTRL+C to quit[0m
2026-04-14 22:33:55,780 - INFO - LOGIN SUCCESS: sofia_test
2026-04-14 22:33:55,782 - INFO - 127.0.0.1 - - [14/Apr/2026 22:33:55] "POST /api/login HTTP/1.1" 200 -
2026-04-14 22:33:59,683 - INFO - LOGIN SUCCESS: sofia_test
2026-04-14 22:33:59,684 - INFO - 127.0.0.1 - - [14/Apr/2026 22:33:59] "POST /api/login HTTP/1.1" 200 -
2026-04-14 22:34:04,441 - INFO - LOGIN SUCCESS: sofia_test
2026-04-14 22:34:04,442 - INFO - 127.0.0.1 - - [14/Apr/2026 22:34:04] "POST /api/login HTTP/1.1" 200 -
2026-04-14 22:34:08,371 - INFO - LOGIN SUCCESS: sofia_test
2026-04-14 22:34:08,372 - INFO - 127.0.0.1 - - [14/Apr/2026 22:34:08] "POST /api/login HTTP/1.1" 200 -
2026-04-14 22:34:13,103 - INFO - LOGIN SUCCESS: sofia_test
2026-04-14 22:34:13,104 - INFO - 127.0.0.1 - - [14/Apr/2026 22:34:13] "POST /api/login HTTP/1.1" 200 -
2026-04-14 22:34:14,893 - INFO - ratelimit 5 per 1 minute (127.0.0.1) exceeded at endpoint: auth.login
2026-04-14 22:34:14,894 - INFO - 127.0.0.1 - - [14/Apr/2026 22:34:14] "[31m[1mPOST /api/login HTTP/1.1[0m" 429 -
2026-04-14 22:34:16,747 - INFO - ratelimit 5 per 1 minute (127.0.0.1) exceeded at endpoint: auth.login
2026-04-14 22:34:16,749 - INFO - 127.0.0.1 - - [14/Apr/2026 22:34:16] "[31m[1mPOST /api/login HTTP/1.1[0m" 429 -
2026-05-05 01:47:21,879 - INFO - [31m[1mWARNING: This is a development server. Do not use it in a production deployment. Use a production WSGI server instead.[0m
 * Running on http://127.0.0.1:5000
2026-05-05 01:47:21,879 - INFO - [33mPress CTRL+C to quit[0m
2026-05-05 01:51:50,199 - INFO - 127.0.0.1 - - [05/May/2026 01:51:50] "[33mGET / HTTP/1.1[0m" 404 -
2026-05-05 01:51:51,636 - INFO - 127.0.0.1 - - [05/May/2026 01:51:51] "[33mGET /favicon.ico HTTP/1.1[0m" 404 -
2026-05-05 01:53:36,592 - INFO - 127.0.0.1 - - [05/May/2026 01:53:36] "OPTIONS /api/login HTTP/1.1" 200 -
2026-05-05 01:53:36,602 - WARNING - LOGIN FAILED: Attempt for username 'overwatch_admin'
2026-05-05 01:53:36,603 - INFO - 127.0.0.1 - - [05/May/2026 01:53:36] "[31m[1mPOST /api/login HTTP/1.1[0m" 401 -
2026-05-05 01:53:38,144 - INFO - 127.0.0.1 - - [05/May/2026 01:53:38] "OPTIONS /api/register HTTP/1.1" 200 -
2026-05-05 01:53:38,919 - INFO - USER REGISTERED: overwatch_admin with role Visitor
2026-05-05 01:53:38,920 - INFO - 127.0.0.1 - - [05/May/2026 01:53:38] "[35m[1mPOST /api/register HTTP/1.1[0m" 201 -
2026-05-05 01:53:46,922 - INFO - 127.0.0.1 - - [05/May/2026 01:53:46] "OPTIONS /api/login HTTP/1.1" 200 -
2026-05-05 01:53:47,715 - ERROR - Exception on /api/login [POST]
Traceback (most recent call last):
  File "C:\Users\HP\Downloads\1\ghostnet-backend\.venv\Lib\site-packages\flask\app.py", line 1511, in wsgi_app
    response = self.full_dispatch_request()
  File "C:\Users\HP\Downloads\1\ghostnet-backend\.venv\Lib\site-packages\flask\app.py", line 919, in full_dispatch_request
    rv = self.handle_user_exception(e)
  File "C:\Users\HP\Downloads\1\ghostnet-backend\.venv\Lib\site-packages\flask_cors\extension.py", line 176, in wrapped_function
    return cors_after_request(app.make_response(f(*args, **kwargs)))
                                                ~^^^^^^^^^^^^^^^^^
  File "C:\Users\HP\Downloads\1\ghostnet-backend\.venv\Lib\site-packages\flask\app.py", line 917, in full_dispatch_request
    rv = self.dispatch_request()
  File "C:\Users\HP\Downloads\1\ghostnet-backend\.venv\Lib\site-packages\flask\app.py", line 902, in dispatch_request
    return self.ensure_sync(self.view_functions[rule.endpoint])(**view_args)  # type: ignore[no-any-return]
           ~~~~~~~~~~~~~~~~~~~~~~~~~~~~~~~~~~~~~~~~~~~~~~~~~~~~^^^^^^^^^^^^^
  File "C:\Users\HP\Downloads\1\ghostnet-backend\.venv\Lib\site-packages\flask_limiter\_limits.py", line 326, in __inner
    return cast(R, flask.current_app.ensure_sync(obj)(*a, **k))
                   ~~~~~~~~~~~~~~~~~~~~~~~~~~~~~~~~~~^^^^^^^^^
  File "C:\Users\HP\Downloads\1\ghostnet-backend\app\presentation\auth_routes.py", line 54, in login
    token = jwt.encode({
        'username': username,
        'role': user['role'],
        'exp': datetime.datetime.utcnow() + datetime.timedelta(hours=1)
    }, current_app.config['JWT_SECRET_KEY'], algorithm="HS256")
  File "C:\Users\HP\Downloads\1\ghostnet-backend\.venv\Lib\site-packages\jwt\api_jwt.py", line 147, in encode
    return self._jws.encode(
           ~~~~~~~~~~~~~~~~^
        json_payload,
        ^^^^^^^^^^^^^
    ...<4 lines>...
        sort_headers=sort_headers,
        ^^^^^^^^^^^^^^^^^^^^^^^^^^
    )
    ^
  File "C:\Users\HP\Downloads\1\ghostnet-backend\.venv\Lib\site-packages\jwt\api_jws.py", line 190, in encode
    key = alg_obj.prepare_key(key)
  File "C:\Users\HP\Downloads\1\ghostnet-backend\.venv\Lib\site-packages\jwt\algorithms.py", line 326, in prepare_key
    key_bytes = force_bytes(key)
  File "C:\Users\HP\Downloads\1\ghostnet-backend\.venv\Lib\site-packages\jwt\utils.py", line 22, in force_bytes
    raise TypeError("Expected a string value")
TypeError: Expected a string value
2026-05-05 01:53:47,720 - INFO - 127.0.0.1 - - [05/May/2026 01:53:47] "[35m[1mPOST /api/login HTTP/1.1[0m" 500 -
2026-05-05 01:53:48,869 - INFO - 127.0.0.1 - - [05/May/2026 01:53:48] "OPTIONS /api/login HTTP/1.1" 200 -
2026-05-05 01:53:49,673 - ERROR - Exception on /api/login [POST]
Traceback (most recent call last):
  File "C:\Users\HP\Downloads\1\ghostnet-backend\.venv\Lib\site-packages\flask\app.py", line 1511, in wsgi_app
    response = self.full_dispatch_request()
  File "C:\Users\HP\Downloads\1\ghostnet-backend\.venv\Lib\site-packages\flask\app.py", line 919, in full_dispatch_request
    rv = self.handle_user_exception(e)
  File "C:\Users\HP\Downloads\1\ghostnet-backend\.venv\Lib\site-packages\flask_cors\extension.py", line 176, in wrapped_function
    return cors_after_request(app.make_response(f(*args, **kwargs)))
                                                ~^^^^^^^^^^^^^^^^^
  File "C:\Users\HP\Downloads\1\ghostnet-backend\.venv\Lib\site-packages\flask\app.py", line 917, in full_dispatch_request
    rv = self.dispatch_request()
  File "C:\Users\HP\Downloads\1\ghostnet-backend\.venv\Lib\site-packages\flask\app.py", line 902, in dispatch_request
    return self.ensure_sync(self.view_functions[rule.endpoint])(**view_args)  # type: ignore[no-any-return]
           ~~~~~~~~~~~~~~~~~~~~~~~~~~~~~~~~~~~~~~~~~~~~~~~~~~~~^^^^^^^^^^^^^
  File "C:\Users\HP\Downloads\1\ghostnet-backend\.venv\Lib\site-packages\flask_limiter\_limits.py", line 326, in __inner
    return cast(R, flask.current_app.ensure_sync(obj)(*a, **k))
                   ~~~~~~~~~~~~~~~~~~~~~~~~~~~~~~~~~~^^^^^^^^^
  File "C:\Users\HP\Downloads\1\ghostnet-backend\app\presentation\auth_routes.py", line 54, in login
    token = jwt.encode({
        'username': username,
        'role': user['role'],
        'exp': datetime.datetime.utcnow() + datetime.timedelta(hours=1)
    }, current_app.config['JWT_SECRET_KEY'], algorithm="HS256")
  File "C:\Users\HP\Downloads\1\ghostnet-backend\.venv\Lib\site-packages\jwt\api_jwt.py", line 147, in encode
    return self._jws.encode(
           ~~~~~~~~~~~~~~~~^
        json_payload,
        ^^^^^^^^^^^^^
    ...<4 lines>...
        sort_headers=sort_headers,
        ^^^^^^^^^^^^^^^^^^^^^^^^^^
    )
    ^
  File "C:\Users\HP\Downloads\1\ghostnet-backend\.venv\Lib\site-packages\jwt\api_jws.py", line 190, in encode
    key = alg_obj.prepare_key(key)
  File "C:\Users\HP\Downloads\1\ghostnet-backend\.venv\Lib\site-packages\jwt\algorithms.py", line 326, in prepare_key
    key_bytes = force_bytes(key)
  File "C:\Users\HP\Downloads\1\ghostnet-backend\.venv\Lib\site-packages\jwt\utils.py", line 22, in force_bytes
    raise TypeError("Expected a string value")
TypeError: Expected a string value
2026-05-05 01:53:49,675 - INFO - 127.0.0.1 - - [05/May/2026 01:53:49] "[35m[1mPOST /api/login HTTP/1.1[0m" 500 -
2026-05-05 01:53:50,429 - INFO - 127.0.0.1 - - [05/May/2026 01:53:50] "OPTIONS /api/login HTTP/1.1" 200 -
2026-05-05 01:53:51,213 - ERROR - Exception on /api/login [POST]
Traceback (most recent call last):
  File "C:\Users\HP\Downloads\1\ghostnet-backend\.venv\Lib\site-packages\flask\app.py", line 1511, in wsgi_app
    response = self.full_dispatch_request()
  File "C:\Users\HP\Downloads\1\ghostnet-backend\.venv\Lib\site-packages\flask\app.py", line 919, in full_dispatch_request
    rv = self.handle_user_exception(e)
  File "C:\Users\HP\Downloads\1\ghostnet-backend\.venv\Lib\site-packages\flask_cors\extension.py", line 176, in wrapped_function
    return cors_after_request(app.make_response(f(*args, **kwargs)))
                                                ~^^^^^^^^^^^^^^^^^
  File "C:\Users\HP\Downloads\1\ghostnet-backend\.venv\Lib\site-packages\flask\app.py", line 917, in full_dispatch_request
    rv = self.dispatch_request()
  File "C:\Users\HP\Downloads\1\ghostnet-backend\.venv\Lib\site-packages\flask\app.py", line 902, in dispatch_request
    return self.ensure_sync(self.view_functions[rule.endpoint])(**view_args)  # type: ignore[no-any-return]
           ~~~~~~~~~~~~~~~~~~~~~~~~~~~~~~~~~~~~~~~~~~~~~~~~~~~~^^^^^^^^^^^^^
  File "C:\Users\HP\Downloads\1\ghostnet-backend\.venv\Lib\site-packages\flask_limiter\_limits.py", line 326, in __inner
    return cast(R, flask.current_app.ensure_sync(obj)(*a, **k))
                   ~~~~~~~~~~~~~~~~~~~~~~~~~~~~~~~~~~^^^^^^^^^
  File "C:\Users\HP\Downloads\1\ghostnet-backend\app\presentation\auth_routes.py", line 54, in login
    token = jwt.encode({
        'username': username,
        'role': user['role'],
        'exp': datetime.datetime.utcnow() + datetime.timedelta(hours=1)
    }, current_app.config['JWT_SECRET_KEY'], algorithm="HS256")
  File "C:\Users\HP\Downloads\1\ghostnet-backend\.venv\Lib\site-packages\jwt\api_jwt.py", line 147, in encode
    return self._jws.encode(
           ~~~~~~~~~~~~~~~~^
        json_payload,
        ^^^^^^^^^^^^^
    ...<4 lines>...
        sort_headers=sort_headers,
        ^^^^^^^^^^^^^^^^^^^^^^^^^^
    )
    ^
  File "C:\Users\HP\Downloads\1\ghostnet-backend\.venv\Lib\site-packages\jwt\api_jws.py", line 190, in encode
    key = alg_obj.prepare_key(key)
  File "C:\Users\HP\Downloads\1\ghostnet-backend\.venv\Lib\site-packages\jwt\algorithms.py", line 326, in prepare_key
    key_bytes = force_bytes(key)
  File "C:\Users\HP\Downloads\1\ghostnet-backend\.venv\Lib\site-packages\jwt\utils.py", line 22, in force_bytes
    raise TypeError("Expected a string value")
TypeError: Expected a string value
2026-05-05 01:53:51,215 - INFO - 127.0.0.1 - - [05/May/2026 01:53:51] "[35m[1mPOST /api/login HTTP/1.1[0m" 500 -
2026-05-05 01:53:51,819 - INFO - 127.0.0.1 - - [05/May/2026 01:53:51] "OPTIONS /api/login HTTP/1.1" 200 -
2026-05-05 01:53:52,592 - ERROR - Exception on /api/login [POST]
Traceback (most recent call last):
  File "C:\Users\HP\Downloads\1\ghostnet-backend\.venv\Lib\site-packages\flask\app.py", line 1511, in wsgi_app
    response = self.full_dispatch_request()
  File "C:\Users\HP\Downloads\1\ghostnet-backend\.venv\Lib\site-packages\flask\app.py", line 919, in full_dispatch_request
    rv = self.handle_user_exception(e)
  File "C:\Users\HP\Downloads\1\ghostnet-backend\.venv\Lib\site-packages\flask_cors\extension.py", line 176, in wrapped_function
    return cors_after_request(app.make_response(f(*args, **kwargs)))
                                                ~^^^^^^^^^^^^^^^^^
  File "C:\Users\HP\Downloads\1\ghostnet-backend\.venv\Lib\site-packages\flask\app.py", line 917, in full_dispatch_request
    rv = self.dispatch_request()
  File "C:\Users\HP\Downloads\1\ghostnet-backend\.venv\Lib\site-packages\flask\app.py", line 902, in dispatch_request
    return self.ensure_sync(self.view_functions[rule.endpoint])(**view_args)  # type: ignore[no-any-return]
           ~~~~~~~~~~~~~~~~~~~~~~~~~~~~~~~~~~~~~~~~~~~~~~~~~~~~^^^^^^^^^^^^^
  File "C:\Users\HP\Downloads\1\ghostnet-backend\.venv\Lib\site-packages\flask_limiter\_limits.py", line 326, in __inner
    return cast(R, flask.current_app.ensure_sync(obj)(*a, **k))
                   ~~~~~~~~~~~~~~~~~~~~~~~~~~~~~~~~~~^^^^^^^^^
  File "C:\Users\HP\Downloads\1\ghostnet-backend\app\presentation\auth_routes.py", line 54, in login
    token = jwt.encode({
        'username': username,
        'role': user['role'],
        'exp': datetime.datetime.utcnow() + datetime.timedelta(hours=1)
    }, current_app.config['JWT_SECRET_KEY'], algorithm="HS256")
  File "C:\Users\HP\Downloads\1\ghostnet-backend\.venv\Lib\site-packages\jwt\api_jwt.py", line 147, in encode
    return self._jws.encode(
           ~~~~~~~~~~~~~~~~^
        json_payload,
        ^^^^^^^^^^^^^
    ...<4 lines>...
        sort_headers=sort_headers,
        ^^^^^^^^^^^^^^^^^^^^^^^^^^
    )
    ^
  File "C:\Users\HP\Downloads\1\ghostnet-backend\.venv\Lib\site-packages\jwt\api_jws.py", line 190, in encode
    key = alg_obj.prepare_key(key)
  File "C:\Users\HP\Downloads\1\ghostnet-backend\.venv\Lib\site-packages\jwt\algorithms.py", line 326, in prepare_key
    key_bytes = force_bytes(key)
  File "C:\Users\HP\Downloads\1\ghostnet-backend\.venv\Lib\site-packages\jwt\utils.py", line 22, in force_bytes
    raise TypeError("Expected a string value")
TypeError: Expected a string value
2026-05-05 01:53:52,594 - INFO - 127.0.0.1 - - [05/May/2026 01:53:52] "[35m[1mPOST /api/login HTTP/1.1[0m" 500 -
2026-05-05 01:54:01,295 - INFO - 127.0.0.1 - - [05/May/2026 01:54:01] "OPTIONS /api/login HTTP/1.1" 200 -
2026-05-05 01:54:01,300 - INFO - ratelimit 5 per 1 minute (127.0.0.1) exceeded at endpoint: auth.login
2026-05-05 01:54:01,300 - INFO - 127.0.0.1 - - [05/May/2026 01:54:01] "[31m[1mPOST /api/login HTTP/1.1[0m" 429 -
2026-05-05 01:54:02,406 - INFO - 127.0.0.1 - - [05/May/2026 01:54:02] "OPTIONS /api/login HTTP/1.1" 200 -
2026-05-05 01:54:02,416 - INFO - ratelimit 5 per 1 minute (127.0.0.1) exceeded at endpoint: auth.login
2026-05-05 01:54:02,416 - INFO - 127.0.0.1 - - [05/May/2026 01:54:02] "[31m[1mPOST /api/login HTTP/1.1[0m" 429 -
2026-05-05 01:54:35,821 - INFO - 127.0.0.1 - - [05/May/2026 01:54:35] "OPTIONS /api/login HTTP/1.1" 200 -
2026-05-05 01:54:35,826 - INFO - ratelimit 5 per 1 minute (127.0.0.1) exceeded at endpoint: auth.login
2026-05-05 01:54:35,827 - INFO - 127.0.0.1 - - [05/May/2026 01:54:35] "[31m[1mPOST /api/login HTTP/1.1[0m" 429 -
2026-05-05 01:54:37,222 - INFO - 127.0.0.1 - - [05/May/2026 01:54:37] "OPTIONS /api/login HTTP/1.1" 200 -
2026-05-05 01:54:37,658 - INFO - 127.0.0.1 - - [05/May/2026 01:54:37] "OPTIONS /api/login HTTP/1.1" 200 -
2026-05-05 01:54:38,195 - ERROR - Exception on /api/login [POST]
Traceback (most recent call last):
  File "C:\Users\HP\Downloads\1\ghostnet-backend\.venv\Lib\site-packages\flask\app.py", line 1511, in wsgi_app
    response = self.full_dispatch_request()
  File "C:\Users\HP\Downloads\1\ghostnet-backend\.venv\Lib\site-packages\flask\app.py", line 919, in full_dispatch_request
    rv = self.handle_user_exception(e)
  File "C:\Users\HP\Downloads\1\ghostnet-backend\.venv\Lib\site-packages\flask_cors\extension.py", line 176, in wrapped_function
    return cors_after_request(app.make_response(f(*args, **kwargs)))
                                                ~^^^^^^^^^^^^^^^^^
  File "C:\Users\HP\Downloads\1\ghostnet-backend\.venv\Lib\site-packages\flask\app.py", line 917, in full_dispatch_request
    rv = self.dispatch_request()
  File "C:\Users\HP\Downloads\1\ghostnet-backend\.venv\Lib\site-packages\flask\app.py", line 902, in dispatch_request
    return self.ensure_sync(self.view_functions[rule.endpoint])(**view_args)  # type: ignore[no-any-return]
           ~~~~~~~~~~~~~~~~~~~~~~~~~~~~~~~~~~~~~~~~~~~~~~~~~~~~^^^^^^^^^^^^^
  File "C:\Users\HP\Downloads\1\ghostnet-backend\.venv\Lib\site-packages\flask_limiter\_limits.py", line 326, in __inner
    return cast(R, flask.current_app.ensure_sync(obj)(*a, **k))
                   ~~~~~~~~~~~~~~~~~~~~~~~~~~~~~~~~~~^^^^^^^^^
  File "C:\Users\HP\Downloads\1\ghostnet-backend\app\presentation\auth_routes.py", line 54, in login
    token = jwt.encode({
        'username': username,
        'role': user['role'],
        'exp': datetime.datetime.utcnow() + datetime.timedelta(hours=1)
    }, current_app.config['JWT_SECRET_KEY'], algorithm="HS256")
  File "C:\Users\HP\Downloads\1\ghostnet-backend\.venv\Lib\site-packages\jwt\api_jwt.py", line 147, in encode
    return self._jws.encode(
           ~~~~~~~~~~~~~~~~^
        json_payload,
        ^^^^^^^^^^^^^
    ...<4 lines>...
        sort_headers=sort_headers,
        ^^^^^^^^^^^^^^^^^^^^^^^^^^
    )
    ^
  File "C:\Users\HP\Downloads\1\ghostnet-backend\.venv\Lib\site-packages\jwt\api_jws.py", line 190, in encode
    key = alg_obj.prepare_key(key)
  File "C:\Users\HP\Downloads\1\ghostnet-backend\.venv\Lib\site-packages\jwt\algorithms.py", line 326, in prepare_key
    key_bytes = force_bytes(key)
  File "C:\Users\HP\Downloads\1\ghostnet-backend\.venv\Lib\site-packages\jwt\utils.py", line 22, in force_bytes
    raise TypeError("Expected a string value")
TypeError: Expected a string value
2026-05-05 01:54:38,198 - INFO - 127.0.0.1 - - [05/May/2026 01:54:38] "[35m[1mPOST /api/login HTTP/1.1[0m" 500 -
2026-05-05 01:54:38,443 - INFO - 127.0.0.1 - - [05/May/2026 01:54:38] "OPTIONS /api/login HTTP/1.1" 200 -
2026-05-05 01:54:38,756 - ERROR - Exception on /api/login [POST]
Traceback (most recent call last):
  File "C:\Users\HP\Downloads\1\ghostnet-backend\.venv\Lib\site-packages\flask\app.py", line 1511, in wsgi_app
    response = self.full_dispatch_request()
  File "C:\Users\HP\Downloads\1\ghostnet-backend\.venv\Lib\site-packages\flask\app.py", line 919, in full_dispatch_request
    rv = self.handle_user_exception(e)
  File "C:\Users\HP\Downloads\1\ghostnet-backend\.venv\Lib\site-packages\flask_cors\extension.py", line 176, in wrapped_function
    return cors_after_request(app.make_response(f(*args, **kwargs)))
                                                ~^^^^^^^^^^^^^^^^^
  File "C:\Users\HP\Downloads\1\ghostnet-backend\.venv\Lib\site-packages\flask\app.py", line 917, in full_dispatch_request
    rv = self.dispatch_request()
  File "C:\Users\HP\Downloads\1\ghostnet-backend\.venv\Lib\site-packages\flask\app.py", line 902, in dispatch_request
    return self.ensure_sync(self.view_functions[rule.endpoint])(**view_args)  # type: ignore[no-any-return]
           ~~~~~~~~~~~~~~~~~~~~~~~~~~~~~~~~~~~~~~~~~~~~~~~~~~~~^^^^^^^^^^^^^
  File "C:\Users\HP\Downloads\1\ghostnet-backend\.venv\Lib\site-packages\flask_limiter\_limits.py", line 326, in __inner
    return cast(R, flask.current_app.ensure_sync(obj)(*a, **k))
                   ~~~~~~~~~~~~~~~~~~~~~~~~~~~~~~~~~~^^^^^^^^^
  File "C:\Users\HP\Downloads\1\ghostnet-backend\app\presentation\auth_routes.py", line 54, in login
    token = jwt.encode({
        'username': username,
        'role': user['role'],
        'exp': datetime.datetime.utcnow() + datetime.timedelta(hours=1)
    }, current_app.config['JWT_SECRET_KEY'], algorithm="HS256")
  File "C:\Users\HP\Downloads\1\ghostnet-backend\.venv\Lib\site-packages\jwt\api_jwt.py", line 147, in encode
    return self._jws.encode(
           ~~~~~~~~~~~~~~~~^
        json_payload,
        ^^^^^^^^^^^^^
    ...<4 lines>...
        sort_headers=sort_headers,
        ^^^^^^^^^^^^^^^^^^^^^^^^^^
    )
    ^
  File "C:\Users\HP\Downloads\1\ghostnet-backend\.venv\Lib\site-packages\jwt\api_jws.py", line 190, in encode
    key = alg_obj.prepare_key(key)
  File "C:\Users\HP\Downloads\1\ghostnet-backend\.venv\Lib\site-packages\jwt\algorithms.py", line 326, in prepare_key
    key_bytes = force_bytes(key)
  File "C:\Users\HP\Downloads\1\ghostnet-backend\.venv\Lib\site-packages\jwt\utils.py", line 22, in force_bytes
    raise TypeError("Expected a string value")
TypeError: Expected a string value
2026-05-05 01:54:38,758 - INFO - 127.0.0.1 - - [05/May/2026 01:54:38] "[35m[1mPOST /api/login HTTP/1.1[0m" 500 -
2026-05-05 01:54:39,406 - ERROR - Exception on /api/login [POST]
Traceback (most recent call last):
  File "C:\Users\HP\Downloads\1\ghostnet-backend\.venv\Lib\site-packages\flask\app.py", line 1511, in wsgi_app
    response = self.full_dispatch_request()
  File "C:\Users\HP\Downloads\1\ghostnet-backend\.venv\Lib\site-packages\flask\app.py", line 919, in full_dispatch_request
    rv = self.handle_user_exception(e)
  File "C:\Users\HP\Downloads\1\ghostnet-backend\.venv\Lib\site-packages\flask_cors\extension.py", line 176, in wrapped_function
    return cors_after_request(app.make_response(f(*args, **kwargs)))
                                                ~^^^^^^^^^^^^^^^^^
  File "C:\Users\HP\Downloads\1\ghostnet-backend\.venv\Lib\site-packages\flask\app.py", line 917, in full_dispatch_request
    rv = self.dispatch_request()
  File "C:\Users\HP\Downloads\1\ghostnet-backend\.venv\Lib\site-packages\flask\app.py", line 902, in dispatch_request
    return self.ensure_sync(self.view_functions[rule.endpoint])(**view_args)  # type: ignore[no-any-return]
           ~~~~~~~~~~~~~~~~~~~~~~~~~~~~~~~~~~~~~~~~~~~~~~~~~~~~^^^^^^^^^^^^^
  File "C:\Users\HP\Downloads\1\ghostnet-backend\.venv\Lib\site-packages\flask_limiter\_limits.py", line 326, in __inner
    return cast(R, flask.current_app.ensure_sync(obj)(*a, **k))
                   ~~~~~~~~~~~~~~~~~~~~~~~~~~~~~~~~~~^^^^^^^^^
  File "C:\Users\HP\Downloads\1\ghostnet-backend\app\presentation\auth_routes.py", line 54, in login
    token = jwt.encode({
        'username': username,
        'role': user['role'],
        'exp': datetime.datetime.utcnow() + datetime.timedelta(hours=1)
    }, current_app.config['JWT_SECRET_KEY'], algorithm="HS256")
  File "C:\Users\HP\Downloads\1\ghostnet-backend\.venv\Lib\site-packages\jwt\api_jwt.py", line 147, in encode
    return self._jws.encode(
           ~~~~~~~~~~~~~~~~^
        json_payload,
        ^^^^^^^^^^^^^
    ...<4 lines>...
        sort_headers=sort_headers,
        ^^^^^^^^^^^^^^^^^^^^^^^^^^
    )
    ^
  File "C:\Users\HP\Downloads\1\ghostnet-backend\.venv\Lib\site-packages\jwt\api_jws.py", line 190, in encode
    key = alg_obj.prepare_key(key)
  File "C:\Users\HP\Downloads\1\ghostnet-backend\.venv\Lib\site-packages\jwt\algorithms.py", line 326, in prepare_key
    key_bytes = force_bytes(key)
  File "C:\Users\HP\Downloads\1\ghostnet-backend\.venv\Lib\site-packages\jwt\utils.py", line 22, in force_bytes
    raise TypeError("Expected a string value")
TypeError: Expected a string value
2026-05-05 01:54:39,408 - INFO - 127.0.0.1 - - [05/May/2026 01:54:39] "[35m[1mPOST /api/login HTTP/1.1[0m" 500 -
2026-05-05 01:54:40,550 - INFO - 127.0.0.1 - - [05/May/2026 01:54:40] "OPTIONS /api/login HTTP/1.1" 200 -
2026-05-05 01:54:41,354 - ERROR - Exception on /api/login [POST]
Traceback (most recent call last):
  File "C:\Users\HP\Downloads\1\ghostnet-backend\.venv\Lib\site-packages\flask\app.py", line 1511, in wsgi_app
    response = self.full_dispatch_request()
  File "C:\Users\HP\Downloads\1\ghostnet-backend\.venv\Lib\site-packages\flask\app.py", line 919, in full_dispatch_request
    rv = self.handle_user_exception(e)
  File "C:\Users\HP\Downloads\1\ghostnet-backend\.venv\Lib\site-packages\flask_cors\extension.py", line 176, in wrapped_function
    return cors_after_request(app.make_response(f(*args, **kwargs)))
                                                ~^^^^^^^^^^^^^^^^^
  File "C:\Users\HP\Downloads\1\ghostnet-backend\.venv\Lib\site-packages\flask\app.py", line 917, in full_dispatch_request
    rv = self.dispatch_request()
  File "C:\Users\HP\Downloads\1\ghostnet-backend\.venv\Lib\site-packages\flask\app.py", line 902, in dispatch_request
    return self.ensure_sync(self.view_functions[rule.endpoint])(**view_args)  # type: ignore[no-any-return]
           ~~~~~~~~~~~~~~~~~~~~~~~~~~~~~~~~~~~~~~~~~~~~~~~~~~~~^^^^^^^^^^^^^
  File "C:\Users\HP\Downloads\1\ghostnet-backend\.venv\Lib\site-packages\flask_limiter\_limits.py", line 326, in __inner
    return cast(R, flask.current_app.ensure_sync(obj)(*a, **k))
                   ~~~~~~~~~~~~~~~~~~~~~~~~~~~~~~~~~~^^^^^^^^^
  File "C:\Users\HP\Downloads\1\ghostnet-backend\app\presentation\auth_routes.py", line 54, in login
    token = jwt.encode({
        'username': username,
        'role': user['role'],
        'exp': datetime.datetime.utcnow() + datetime.timedelta(hours=1)
    }, current_app.config['JWT_SECRET_KEY'], algorithm="HS256")
  File "C:\Users\HP\Downloads\1\ghostnet-backend\.venv\Lib\site-packages\jwt\api_jwt.py", line 147, in encode
    return self._jws.encode(
           ~~~~~~~~~~~~~~~~^
        json_payload,
        ^^^^^^^^^^^^^
    ...<4 lines>...
        sort_headers=sort_headers,
        ^^^^^^^^^^^^^^^^^^^^^^^^^^
    )
    ^
  File "C:\Users\HP\Downloads\1\ghostnet-backend\.venv\Lib\site-packages\jwt\api_jws.py", line 190, in encode
    key = alg_obj.prepare_key(key)
  File "C:\Users\HP\Downloads\1\ghostnet-backend\.venv\Lib\site-packages\jwt\algorithms.py", line 326, in prepare_key
    key_bytes = force_bytes(key)
  File "C:\Users\HP\Downloads\1\ghostnet-backend\.venv\Lib\site-packages\jwt\utils.py", line 22, in force_bytes
    raise TypeError("Expected a string value")
TypeError: Expected a string value
2026-05-05 01:54:41,357 - INFO - 127.0.0.1 - - [05/May/2026 01:54:41] "[35m[1mPOST /api/login HTTP/1.1[0m" 500 -
2026-05-05 01:54:45,696 - INFO - 127.0.0.1 - - [05/May/2026 01:54:45] "OPTIONS /api/login HTTP/1.1" 200 -
2026-05-05 01:54:46,503 - ERROR - Exception on /api/login [POST]
Traceback (most recent call last):
  File "C:\Users\HP\Downloads\1\ghostnet-backend\.venv\Lib\site-packages\flask\app.py", line 1511, in wsgi_app
    response = self.full_dispatch_request()
  File "C:\Users\HP\Downloads\1\ghostnet-backend\.venv\Lib\site-packages\flask\app.py", line 919, in full_dispatch_request
    rv = self.handle_user_exception(e)
  File "C:\Users\HP\Downloads\1\ghostnet-backend\.venv\Lib\site-packages\flask_cors\extension.py", line 176, in wrapped_function
    return cors_after_request(app.make_response(f(*args, **kwargs)))
                                                ~^^^^^^^^^^^^^^^^^
  File "C:\Users\HP\Downloads\1\ghostnet-backend\.venv\Lib\site-packages\flask\app.py", line 917, in full_dispatch_request
    rv = self.dispatch_request()
  File "C:\Users\HP\Downloads\1\ghostnet-backend\.venv\Lib\site-packages\flask\app.py", line 902, in dispatch_request
    return self.ensure_sync(self.view_functions[rule.endpoint])(**view_args)  # type: ignore[no-any-return]
           ~~~~~~~~~~~~~~~~~~~~~~~~~~~~~~~~~~~~~~~~~~~~~~~~~~~~^^^^^^^^^^^^^
  File "C:\Users\HP\Downloads\1\ghostnet-backend\.venv\Lib\site-packages\flask_limiter\_limits.py", line 326, in __inner
    return cast(R, flask.current_app.ensure_sync(obj)(*a, **k))
                   ~~~~~~~~~~~~~~~~~~~~~~~~~~~~~~~~~~^^^^^^^^^
  File "C:\Users\HP\Downloads\1\ghostnet-backend\app\presentation\auth_routes.py", line 54, in login
    token = jwt.encode({
        'username': username,
        'role': user['role'],
        'exp': datetime.datetime.utcnow() + datetime.timedelta(hours=1)
    }, current_app.config['JWT_SECRET_KEY'], algorithm="HS256")
  File "C:\Users\HP\Downloads\1\ghostnet-backend\.venv\Lib\site-packages\jwt\api_jwt.py", line 147, in encode
    return self._jws.encode(
           ~~~~~~~~~~~~~~~~^
        json_payload,
        ^^^^^^^^^^^^^
    ...<4 lines>...
        sort_headers=sort_headers,
        ^^^^^^^^^^^^^^^^^^^^^^^^^^
    )
    ^
  File "C:\Users\HP\Downloads\1\ghostnet-backend\.venv\Lib\site-packages\jwt\api_jws.py", line 190, in encode
    key = alg_obj.prepare_key(key)
  File "C:\Users\HP\Downloads\1\ghostnet-backend\.venv\Lib\site-packages\jwt\algorithms.py", line 326, in prepare_key
    key_bytes = force_bytes(key)
  File "C:\Users\HP\Downloads\1\ghostnet-backend\.venv\Lib\site-packages\jwt\utils.py", line 22, in force_bytes
    raise TypeError("Expected a string value")
TypeError: Expected a string value
2026-05-05 01:54:46,505 - INFO - 127.0.0.1 - - [05/May/2026 01:54:46] "[35m[1mPOST /api/login HTTP/1.1[0m" 500 -
2026-05-05 02:00:08,629 - INFO - 127.0.0.1 - - [05/May/2026 02:00:08] "OPTIONS /api/login HTTP/1.1" 200 -
2026-05-05 02:00:09,394 - ERROR - Exception on /api/login [POST]
Traceback (most recent call last):
  File "C:\Users\HP\Downloads\1\ghostnet-backend\.venv\Lib\site-packages\flask\app.py", line 1511, in wsgi_app
    response = self.full_dispatch_request()
  File "C:\Users\HP\Downloads\1\ghostnet-backend\.venv\Lib\site-packages\flask\app.py", line 919, in full_dispatch_request
    rv = self.handle_user_exception(e)
  File "C:\Users\HP\Downloads\1\ghostnet-backend\.venv\Lib\site-packages\flask_cors\extension.py", line 176, in wrapped_function
    return cors_after_request(app.make_response(f(*args, **kwargs)))
                                                ~^^^^^^^^^^^^^^^^^
  File "C:\Users\HP\Downloads\1\ghostnet-backend\.venv\Lib\site-packages\flask\app.py", line 917, in full_dispatch_request
    rv = self.dispatch_request()
  File "C:\Users\HP\Downloads\1\ghostnet-backend\.venv\Lib\site-packages\flask\app.py", line 902, in dispatch_request
    return self.ensure_sync(self.view_functions[rule.endpoint])(**view_args)  # type: ignore[no-any-return]
           ~~~~~~~~~~~~~~~~~~~~~~~~~~~~~~~~~~~~~~~~~~~~~~~~~~~~^^^^^^^^^^^^^
  File "C:\Users\HP\Downloads\1\ghostnet-backend\.venv\Lib\site-packages\flask_limiter\_limits.py", line 326, in __inner
    return cast(R, flask.current_app.ensure_sync(obj)(*a, **k))
                   ~~~~~~~~~~~~~~~~~~~~~~~~~~~~~~~~~~^^^^^^^^^
  File "C:\Users\HP\Downloads\1\ghostnet-backend\app\presentation\auth_routes.py", line 54, in login
    token = jwt.encode({
        'username': username,
        'role': user['role'],
        'exp': datetime.datetime.utcnow() + datetime.timedelta(hours=1)
    }, current_app.config['JWT_SECRET_KEY'], algorithm="HS256")
  File "C:\Users\HP\Downloads\1\ghostnet-backend\.venv\Lib\site-packages\jwt\api_jwt.py", line 147, in encode
    return self._jws.encode(
           ~~~~~~~~~~~~~~~~^
        json_payload,
        ^^^^^^^^^^^^^
    ...<4 lines>...
        sort_headers=sort_headers,
        ^^^^^^^^^^^^^^^^^^^^^^^^^^
    )
    ^
  File "C:\Users\HP\Downloads\1\ghostnet-backend\.venv\Lib\site-packages\jwt\api_jws.py", line 190, in encode
    key = alg_obj.prepare_key(key)
  File "C:\Users\HP\Downloads\1\ghostnet-backend\.venv\Lib\site-packages\jwt\algorithms.py", line 326, in prepare_key
    key_bytes = force_bytes(key)
  File "C:\Users\HP\Downloads\1\ghostnet-backend\.venv\Lib\site-packages\jwt\utils.py", line 22, in force_bytes
    raise TypeError("Expected a string value")
TypeError: Expected a string value
2026-05-05 02:00:09,396 - INFO - 127.0.0.1 - - [05/May/2026 02:00:09] "[35m[1mPOST /api/login HTTP/1.1[0m" 500 -
2026-05-05 02:00:09,893 - INFO - 127.0.0.1 - - [05/May/2026 02:00:09] "OPTIONS /api/login HTTP/1.1" 200 -
2026-05-05 02:00:10,307 - INFO - 127.0.0.1 - - [05/May/2026 02:00:10] "OPTIONS /api/login HTTP/1.1" 200 -
2026-05-05 02:00:10,716 - INFO - 127.0.0.1 - - [05/May/2026 02:00:10] "OPTIONS /api/login HTTP/1.1" 200 -
2026-05-05 02:00:10,932 - INFO - 127.0.0.1 - - [05/May/2026 02:00:10] "OPTIONS /api/login HTTP/1.1" 200 -
2026-05-05 02:00:11,034 - ERROR - Exception on /api/login [POST]
Traceback (most recent call last):
  File "C:\Users\HP\Downloads\1\ghostnet-backend\.venv\Lib\site-packages\flask\app.py", line 1511, in wsgi_app
    response = self.full_dispatch_request()
  File "C:\Users\HP\Downloads\1\ghostnet-backend\.venv\Lib\site-packages\flask\app.py", line 919, in full_dispatch_request
    rv = self.handle_user_exception(e)
  File "C:\Users\HP\Downloads\1\ghostnet-backend\.venv\Lib\site-packages\flask_cors\extension.py", line 176, in wrapped_function
    return cors_after_request(app.make_response(f(*args, **kwargs)))
                                                ~^^^^^^^^^^^^^^^^^
  File "C:\Users\HP\Downloads\1\ghostnet-backend\.venv\Lib\site-packages\flask\app.py", line 917, in full_dispatch_request
    rv = self.dispatch_request()
  File "C:\Users\HP\Downloads\1\ghostnet-backend\.venv\Lib\site-packages\flask\app.py", line 902, in dispatch_request
    return self.ensure_sync(self.view_functions[rule.endpoint])(**view_args)  # type: ignore[no-any-return]
           ~~~~~~~~~~~~~~~~~~~~~~~~~~~~~~~~~~~~~~~~~~~~~~~~~~~~^^^^^^^^^^^^^
  File "C:\Users\HP\Downloads\1\ghostnet-backend\.venv\Lib\site-packages\flask_limiter\_limits.py", line 326, in __inner
    return cast(R, flask.current_app.ensure_sync(obj)(*a, **k))
                   ~~~~~~~~~~~~~~~~~~~~~~~~~~~~~~~~~~^^^^^^^^^
  File "C:\Users\HP\Downloads\1\ghostnet-backend\app\presentation\auth_routes.py", line 54, in login
    token = jwt.encode({
        'username': username,
        'role': user['role'],
        'exp': datetime.datetime.utcnow() + datetime.timedelta(hours=1)
    }, current_app.config['JWT_SECRET_KEY'], algorithm="HS256")
  File "C:\Users\HP\Downloads\1\ghostnet-backend\.venv\Lib\site-packages\jwt\api_jwt.py", line 147, in encode
    return self._jws.encode(
           ~~~~~~~~~~~~~~~~^
        json_payload,
        ^^^^^^^^^^^^^
    ...<4 lines>...
        sort_headers=sort_headers,
        ^^^^^^^^^^^^^^^^^^^^^^^^^^
    )
    ^
  File "C:\Users\HP\Downloads\1\ghostnet-backend\.venv\Lib\site-packages\jwt\api_jws.py", line 190, in encode
    key = alg_obj.prepare_key(key)
  File "C:\Users\HP\Downloads\1\ghostnet-backend\.venv\Lib\site-packages\jwt\algorithms.py", line 326, in prepare_key
    key_bytes = force_bytes(key)
  File "C:\Users\HP\Downloads\1\ghostnet-backend\.venv\Lib\site-packages\jwt\utils.py", line 22, in force_bytes
    raise TypeError("Expected a string value")
TypeError: Expected a string value
2026-05-05 02:00:11,037 - INFO - 127.0.0.1 - - [05/May/2026 02:00:11] "[35m[1mPOST /api/login HTTP/1.1[0m" 500 -
2026-05-05 02:00:11,668 - ERROR - Exception on /api/login [POST]
Traceback (most recent call last):
  File "C:\Users\HP\Downloads\1\ghostnet-backend\.venv\Lib\site-packages\flask\app.py", line 1511, in wsgi_app
    response = self.full_dispatch_request()
  File "C:\Users\HP\Downloads\1\ghostnet-backend\.venv\Lib\site-packages\flask\app.py", line 919, in full_dispatch_request
    rv = self.handle_user_exception(e)
  File "C:\Users\HP\Downloads\1\ghostnet-backend\.venv\Lib\site-packages\flask_cors\extension.py", line 176, in wrapped_function
    return cors_after_request(app.make_response(f(*args, **kwargs)))
                                                ~^^^^^^^^^^^^^^^^^
  File "C:\Users\HP\Downloads\1\ghostnet-backend\.venv\Lib\site-packages\flask\app.py", line 917, in full_dispatch_request
    rv = self.dispatch_request()
  File "C:\Users\HP\Downloads\1\ghostnet-backend\.venv\Lib\site-packages\flask\app.py", line 902, in dispatch_request
    return self.ensure_sync(self.view_functions[rule.endpoint])(**view_args)  # type: ignore[no-any-return]
           ~~~~~~~~~~~~~~~~~~~~~~~~~~~~~~~~~~~~~~~~~~~~~~~~~~~~^^^^^^^^^^^^^
  File "C:\Users\HP\Downloads\1\ghostnet-backend\.venv\Lib\site-packages\flask_limiter\_limits.py", line 326, in __inner
    return cast(R, flask.current_app.ensure_sync(obj)(*a, **k))
                   ~~~~~~~~~~~~~~~~~~~~~~~~~~~~~~~~~~^^^^^^^^^
  File "C:\Users\HP\Downloads\1\ghostnet-backend\app\presentation\auth_routes.py", line 54, in login
    token = jwt.encode({
        'username': username,
        'role': user['role'],
        'exp': datetime.datetime.utcnow() + datetime.timedelta(hours=1)
    }, current_app.config['JWT_SECRET_KEY'], algorithm="HS256")
  File "C:\Users\HP\Downloads\1\ghostnet-backend\.venv\Lib\site-packages\jwt\api_jwt.py", line 147, in encode
    return self._jws.encode(
           ~~~~~~~~~~~~~~~~^
        json_payload,
        ^^^^^^^^^^^^^
    ...<4 lines>...
        sort_headers=sort_headers,
        ^^^^^^^^^^^^^^^^^^^^^^^^^^
    )
    ^
  File "C:\Users\HP\Downloads\1\ghostnet-backend\.venv\Lib\site-packages\jwt\api_jws.py", line 190, in encode
    key = alg_obj.prepare_key(key)
  File "C:\Users\HP\Downloads\1\ghostnet-backend\.venv\Lib\site-packages\jwt\algorithms.py", line 326, in prepare_key
    key_bytes = force_bytes(key)
  File "C:\Users\HP\Downloads\1\ghostnet-backend\.venv\Lib\site-packages\jwt\utils.py", line 22, in force_bytes
    raise TypeError("Expected a string value")
TypeError: Expected a string value
2026-05-05 02:00:11,670 - INFO - 127.0.0.1 - - [05/May/2026 02:00:11] "[35m[1mPOST /api/login HTTP/1.1[0m" 500 -
2026-05-05 02:00:11,999 - ERROR - Exception on /api/login [POST]
Traceback (most recent call last):
  File "C:\Users\HP\Downloads\1\ghostnet-backend\.venv\Lib\site-packages\flask\app.py", line 1511, in wsgi_app
    response = self.full_dispatch_request()
  File "C:\Users\HP\Downloads\1\ghostnet-backend\.venv\Lib\site-packages\flask\app.py", line 919, in full_dispatch_request
    rv = self.handle_user_exception(e)
  File "C:\Users\HP\Downloads\1\ghostnet-backend\.venv\Lib\site-packages\flask_cors\extension.py", line 176, in wrapped_function
    return cors_after_request(app.make_response(f(*args, **kwargs)))
                                                ~^^^^^^^^^^^^^^^^^
  File "C:\Users\HP\Downloads\1\ghostnet-backend\.venv\Lib\site-packages\flask\app.py", line 917, in full_dispatch_request
    rv = self.dispatch_request()
  File "C:\Users\HP\Downloads\1\ghostnet-backend\.venv\Lib\site-packages\flask\app.py", line 902, in dispatch_request
    return self.ensure_sync(self.view_functions[rule.endpoint])(**view_args)  # type: ignore[no-any-return]
           ~~~~~~~~~~~~~~~~~~~~~~~~~~~~~~~~~~~~~~~~~~~~~~~~~~~~^^^^^^^^^^^^^
  File "C:\Users\HP\Downloads\1\ghostnet-backend\.venv\Lib\site-packages\flask_limiter\_limits.py", line 326, in __inner
    return cast(R, flask.current_app.ensure_sync(obj)(*a, **k))
                   ~~~~~~~~~~~~~~~~~~~~~~~~~~~~~~~~~~^^^^^^^^^
  File "C:\Users\HP\Downloads\1\ghostnet-backend\app\presentation\auth_routes.py", line 54, in login
    token = jwt.encode({
        'username': username,
        'role': user['role'],
        'exp': datetime.datetime.utcnow() + datetime.timedelta(hours=1)
    }, current_app.config['JWT_SECRET_KEY'], algorithm="HS256")
  File "C:\Users\HP\Downloads\1\ghostnet-backend\.venv\Lib\site-packages\jwt\api_jwt.py", line 147, in encode
    return self._jws.encode(
           ~~~~~~~~~~~~~~~~^
        json_payload,
        ^^^^^^^^^^^^^
    ...<4 lines>...
        sort_headers=sort_headers,
        ^^^^^^^^^^^^^^^^^^^^^^^^^^
    )
    ^
  File "C:\Users\HP\Downloads\1\ghostnet-backend\.venv\Lib\site-packages\jwt\api_jws.py", line 190, in encode
    key = alg_obj.prepare_key(key)
  File "C:\Users\HP\Downloads\1\ghostnet-backend\.venv\Lib\site-packages\jwt\algorithms.py", line 326, in prepare_key
    key_bytes = force_bytes(key)
  File "C:\Users\HP\Downloads\1\ghostnet-backend\.venv\Lib\site-packages\jwt\utils.py", line 22, in force_bytes
    raise TypeError("Expected a string value")
TypeError: Expected a string value
2026-05-05 02:00:12,002 - INFO - 127.0.0.1 - - [05/May/2026 02:00:12] "[35m[1mPOST /api/login HTTP/1.1[0m" 500 -
2026-05-05 02:00:12,051 - ERROR - Exception on /api/login [POST]
Traceback (most recent call last):
  File "C:\Users\HP\Downloads\1\ghostnet-backend\.venv\Lib\site-packages\flask\app.py", line 1511, in wsgi_app
    response = self.full_dispatch_request()
  File "C:\Users\HP\Downloads\1\ghostnet-backend\.venv\Lib\site-packages\flask\app.py", line 919, in full_dispatch_request
    rv = self.handle_user_exception(e)
  File "C:\Users\HP\Downloads\1\ghostnet-backend\.venv\Lib\site-packages\flask_cors\extension.py", line 176, in wrapped_function
    return cors_after_request(app.make_response(f(*args, **kwargs)))
                                                ~^^^^^^^^^^^^^^^^^
  File "C:\Users\HP\Downloads\1\ghostnet-backend\.venv\Lib\site-packages\flask\app.py", line 917, in full_dispatch_request
    rv = self.dispatch_request()
  File "C:\Users\HP\Downloads\1\ghostnet-backend\.venv\Lib\site-packages\flask\app.py", line 902, in dispatch_request
    return self.ensure_sync(self.view_functions[rule.endpoint])(**view_args)  # type: ignore[no-any-return]
           ~~~~~~~~~~~~~~~~~~~~~~~~~~~~~~~~~~~~~~~~~~~~~~~~~~~~^^^^^^^^^^^^^
  File "C:\Users\HP\Downloads\1\ghostnet-backend\.venv\Lib\site-packages\flask_limiter\_limits.py", line 326, in __inner
    return cast(R, flask.current_app.ensure_sync(obj)(*a, **k))
                   ~~~~~~~~~~~~~~~~~~~~~~~~~~~~~~~~~~^^^^^^^^^
  File "C:\Users\HP\Downloads\1\ghostnet-backend\app\presentation\auth_routes.py", line 54, in login
    token = jwt.encode({
        'username': username,
        'role': user['role'],
        'exp': datetime.datetime.utcnow() + datetime.timedelta(hours=1)
    }, current_app.config['JWT_SECRET_KEY'], algorithm="HS256")
  File "C:\Users\HP\Downloads\1\ghostnet-backend\.venv\Lib\site-packages\jwt\api_jwt.py", line 147, in encode
    return self._jws.encode(
           ~~~~~~~~~~~~~~~~^
        json_payload,
        ^^^^^^^^^^^^^
    ...<4 lines>...
        sort_headers=sort_headers,
        ^^^^^^^^^^^^^^^^^^^^^^^^^^
    )
    ^
  File "C:\Users\HP\Downloads\1\ghostnet-backend\.venv\Lib\site-packages\jwt\api_jws.py", line 190, in encode
    key = alg_obj.prepare_key(key)
  File "C:\Users\HP\Downloads\1\ghostnet-backend\.venv\Lib\site-packages\jwt\algorithms.py", line 326, in prepare_key
    key_bytes = force_bytes(key)
  File "C:\Users\HP\Downloads\1\ghostnet-backend\.venv\Lib\site-packages\jwt\utils.py", line 22, in force_bytes
    raise TypeError("Expected a string value")
TypeError: Expected a string value
2026-05-05 02:00:12,054 - INFO - 127.0.0.1 - - [05/May/2026 02:00:12] "[35m[1mPOST /api/login HTTP/1.1[0m" 500 -
2026-05-05 02:00:12,419 - INFO - 127.0.0.1 - - [05/May/2026 02:00:12] "OPTIONS /api/register HTTP/1.1" 200 -
2026-05-05 02:00:12,429 - INFO - 127.0.0.1 - - [05/May/2026 02:00:12] "[31m[1mPOST /api/register HTTP/1.1[0m" 400 -
2026-05-05 02:00:16,838 - INFO - 127.0.0.1 - - [05/May/2026 02:00:16] "OPTIONS /api/register HTTP/1.1" 200 -
2026-05-05 02:00:16,847 - INFO - 127.0.0.1 - - [05/May/2026 02:00:16] "[31m[1mPOST /api/register HTTP/1.1[0m" 400 -
2026-05-05 02:01:00,406 - INFO - 127.0.0.1 - - [05/May/2026 02:01:00] "OPTIONS /api/login HTTP/1.1" 200 -
2026-05-05 02:01:00,414 - INFO - ratelimit 5 per 1 minute (127.0.0.1) exceeded at endpoint: auth.login
2026-05-05 02:01:00,415 - INFO - 127.0.0.1 - - [05/May/2026 02:01:00] "[31m[1mPOST /api/login HTTP/1.1[0m" 429 -
2026-05-05 02:01:01,599 - INFO - 127.0.0.1 - - [05/May/2026 02:01:01] "OPTIONS /api/login HTTP/1.1" 200 -
2026-05-05 02:01:01,607 - INFO - ratelimit 5 per 1 minute (127.0.0.1) exceeded at endpoint: auth.login
2026-05-05 02:01:01,608 - INFO - 127.0.0.1 - - [05/May/2026 02:01:01] "[31m[1mPOST /api/login HTTP/1.1[0m" 429 -
2026-05-05 02:01:02,198 - INFO - 127.0.0.1 - - [05/May/2026 02:01:02] "OPTIONS /api/login HTTP/1.1" 200 -
2026-05-05 02:01:02,205 - INFO - ratelimit 5 per 1 minute (127.0.0.1) exceeded at endpoint: auth.login
2026-05-05 02:01:02,206 - INFO - 127.0.0.1 - - [05/May/2026 02:01:02] "[31m[1mPOST /api/login HTTP/1.1[0m" 429 -
2026-05-05 02:01:02,461 - INFO - 127.0.0.1 - - [05/May/2026 02:01:02] "OPTIONS /api/login HTTP/1.1" 200 -
2026-05-05 02:01:02,468 - INFO - ratelimit 5 per 1 minute (127.0.0.1) exceeded at endpoint: auth.login
2026-05-05 02:01:02,469 - INFO - 127.0.0.1 - - [05/May/2026 02:01:02] "[31m[1mPOST /api/login HTTP/1.1[0m" 429 -
2026-05-05 02:01:02,712 - INFO - 127.0.0.1 - - [05/May/2026 02:01:02] "OPTIONS /api/login HTTP/1.1" 200 -
2026-05-05 02:01:02,716 - INFO - ratelimit 5 per 1 minute (127.0.0.1) exceeded at endpoint: auth.login
2026-05-05 02:01:02,716 - INFO - 127.0.0.1 - - [05/May/2026 02:01:02] "[31m[1mPOST /api/login HTTP/1.1[0m" 429 -
2026-05-05 02:01:02,937 - INFO - 127.0.0.1 - - [05/May/2026 02:01:02] "OPTIONS /api/login HTTP/1.1" 200 -
2026-05-05 02:01:02,944 - INFO - ratelimit 5 per 1 minute (127.0.0.1) exceeded at endpoint: auth.login
2026-05-05 02:01:02,944 - INFO - 127.0.0.1 - - [05/May/2026 02:01:02] "[31m[1mPOST /api/login HTTP/1.1[0m" 429 -
2026-05-05 02:01:03,144 - INFO - 127.0.0.1 - - [05/May/2026 02:01:03] "OPTIONS /api/login HTTP/1.1" 200 -
2026-05-05 02:01:03,151 - INFO - ratelimit 5 per 1 minute (127.0.0.1) exceeded at endpoint: auth.login
2026-05-05 02:01:03,152 - INFO - 127.0.0.1 - - [05/May/2026 02:01:03] "[31m[1mPOST /api/login HTTP/1.1[0m" 429 -
2026-05-05 02:01:03,378 - INFO - 127.0.0.1 - - [05/May/2026 02:01:03] "OPTIONS /api/login HTTP/1.1" 200 -
2026-05-05 02:01:03,386 - INFO - ratelimit 5 per 1 minute (127.0.0.1) exceeded at endpoint: auth.login
2026-05-05 02:01:03,387 - INFO - 127.0.0.1 - - [05/May/2026 02:01:03] "[31m[1mPOST /api/login HTTP/1.1[0m" 429 -
2026-05-05 02:01:03,581 - INFO - 127.0.0.1 - - [05/May/2026 02:01:03] "OPTIONS /api/login HTTP/1.1" 200 -
2026-05-05 02:01:03,589 - INFO - ratelimit 5 per 1 minute (127.0.0.1) exceeded at endpoint: auth.login
2026-05-05 02:01:03,590 - INFO - 127.0.0.1 - - [05/May/2026 02:01:03] "[31m[1mPOST /api/login HTTP/1.1[0m" 429 -
2026-05-05 02:01:03,814 - INFO - 127.0.0.1 - - [05/May/2026 02:01:03] "OPTIONS /api/login HTTP/1.1" 200 -
2026-05-05 02:01:03,827 - INFO - ratelimit 5 per 1 minute (127.0.0.1) exceeded at endpoint: auth.login
2026-05-05 02:01:03,828 - INFO - 127.0.0.1 - - [05/May/2026 02:01:03] "[31m[1mPOST /api/login HTTP/1.1[0m" 429 -
2026-05-05 02:01:05,231 - INFO - 127.0.0.1 - - [05/May/2026 02:01:05] "OPTIONS /api/login HTTP/1.1" 200 -
2026-05-05 02:01:05,239 - INFO - ratelimit 5 per 1 minute (127.0.0.1) exceeded at endpoint: auth.login
2026-05-05 02:01:05,240 - INFO - 127.0.0.1 - - [05/May/2026 02:01:05] "[31m[1mPOST /api/login HTTP/1.1[0m" 429 -
2026-05-05 02:01:55,789 - INFO - 127.0.0.1 - - [05/May/2026 02:01:55] "OPTIONS /api/login HTTP/1.1" 200 -
2026-05-05 02:01:56,583 - ERROR - Exception on /api/login [POST]
Traceback (most recent call last):
  File "C:\Users\HP\Downloads\1\ghostnet-backend\.venv\Lib\site-packages\flask\app.py", line 1511, in wsgi_app
    response = self.full_dispatch_request()
  File "C:\Users\HP\Downloads\1\ghostnet-backend\.venv\Lib\site-packages\flask\app.py", line 919, in full_dispatch_request
    rv = self.handle_user_exception(e)
  File "C:\Users\HP\Downloads\1\ghostnet-backend\.venv\Lib\site-packages\flask_cors\extension.py", line 176, in wrapped_function
    return cors_after_request(app.make_response(f(*args, **kwargs)))
                                                ~^^^^^^^^^^^^^^^^^
  File "C:\Users\HP\Downloads\1\ghostnet-backend\.venv\Lib\site-packages\flask\app.py", line 917, in full_dispatch_request
    rv = self.dispatch_request()
  File "C:\Users\HP\Downloads\1\ghostnet-backend\.venv\Lib\site-packages\flask\app.py", line 902, in dispatch_request
    return self.ensure_sync(self.view_functions[rule.endpoint])(**view_args)  # type: ignore[no-any-return]
           ~~~~~~~~~~~~~~~~~~~~~~~~~~~~~~~~~~~~~~~~~~~~~~~~~~~~^^^^^^^^^^^^^
  File "C:\Users\HP\Downloads\1\ghostnet-backend\.venv\Lib\site-packages\flask_limiter\_limits.py", line 326, in __inner
    return cast(R, flask.current_app.ensure_sync(obj)(*a, **k))
                   ~~~~~~~~~~~~~~~~~~~~~~~~~~~~~~~~~~^^^^^^^^^
  File "C:\Users\HP\Downloads\1\ghostnet-backend\app\presentation\auth_routes.py", line 54, in login
    token = jwt.encode({
        'username': username,
        'role': user['role'],
        'exp': datetime.datetime.utcnow() + datetime.timedelta(hours=1)
    }, current_app.config['JWT_SECRET_KEY'], algorithm="HS256")
  File "C:\Users\HP\Downloads\1\ghostnet-backend\.venv\Lib\site-packages\jwt\api_jwt.py", line 147, in encode
    return self._jws.encode(
           ~~~~~~~~~~~~~~~~^
        json_payload,
        ^^^^^^^^^^^^^
    ...<4 lines>...
        sort_headers=sort_headers,
        ^^^^^^^^^^^^^^^^^^^^^^^^^^
    )
    ^
  File "C:\Users\HP\Downloads\1\ghostnet-backend\.venv\Lib\site-packages\jwt\api_jws.py", line 190, in encode
    key = alg_obj.prepare_key(key)
  File "C:\Users\HP\Downloads\1\ghostnet-backend\.venv\Lib\site-packages\jwt\algorithms.py", line 326, in prepare_key
    key_bytes = force_bytes(key)
  File "C:\Users\HP\Downloads\1\ghostnet-backend\.venv\Lib\site-packages\jwt\utils.py", line 22, in force_bytes
    raise TypeError("Expected a string value")
TypeError: Expected a string value
2026-05-05 02:01:56,585 - INFO - 127.0.0.1 - - [05/May/2026 02:01:56] "[35m[1mPOST /api/login HTTP/1.1[0m" 500 -
2026-05-05 02:01:57,194 - INFO - 127.0.0.1 - - [05/May/2026 02:01:57] "OPTIONS /api/login HTTP/1.1" 200 -
2026-05-05 02:01:58,032 - ERROR - Exception on /api/login [POST]
Traceback (most recent call last):
  File "C:\Users\HP\Downloads\1\ghostnet-backend\.venv\Lib\site-packages\flask\app.py", line 1511, in wsgi_app
    response = self.full_dispatch_request()
  File "C:\Users\HP\Downloads\1\ghostnet-backend\.venv\Lib\site-packages\flask\app.py", line 919, in full_dispatch_request
    rv = self.handle_user_exception(e)
  File "C:\Users\HP\Downloads\1\ghostnet-backend\.venv\Lib\site-packages\flask_cors\extension.py", line 176, in wrapped_function
    return cors_after_request(app.make_response(f(*args, **kwargs)))
                                                ~^^^^^^^^^^^^^^^^^
  File "C:\Users\HP\Downloads\1\ghostnet-backend\.venv\Lib\site-packages\flask\app.py", line 917, in full_dispatch_request
    rv = self.dispatch_request()
  File "C:\Users\HP\Downloads\1\ghostnet-backend\.venv\Lib\site-packages\flask\app.py", line 902, in dispatch_request
    return self.ensure_sync(self.view_functions[rule.endpoint])(**view_args)  # type: ignore[no-any-return]
           ~~~~~~~~~~~~~~~~~~~~~~~~~~~~~~~~~~~~~~~~~~~~~~~~~~~~^^^^^^^^^^^^^
  File "C:\Users\HP\Downloads\1\ghostnet-backend\.venv\Lib\site-packages\flask_limiter\_limits.py", line 326, in __inner
    return cast(R, flask.current_app.ensure_sync(obj)(*a, **k))
                   ~~~~~~~~~~~~~~~~~~~~~~~~~~~~~~~~~~^^^^^^^^^
  File "C:\Users\HP\Downloads\1\ghostnet-backend\app\presentation\auth_routes.py", line 54, in login
    token = jwt.encode({
        'username': username,
        'role': user['role'],
        'exp': datetime.datetime.utcnow() + datetime.timedelta(hours=1)
    }, current_app.config['JWT_SECRET_KEY'], algorithm="HS256")
  File "C:\Users\HP\Downloads\1\ghostnet-backend\.venv\Lib\site-packages\jwt\api_jwt.py", line 147, in encode
    return self._jws.encode(
           ~~~~~~~~~~~~~~~~^
        json_payload,
        ^^^^^^^^^^^^^
    ...<4 lines>...
        sort_headers=sort_headers,
        ^^^^^^^^^^^^^^^^^^^^^^^^^^
    )
    ^
  File "C:\Users\HP\Downloads\1\ghostnet-backend\.venv\Lib\site-packages\jwt\api_jws.py", line 190, in encode
    key = alg_obj.prepare_key(key)
  File "C:\Users\HP\Downloads\1\ghostnet-backend\.venv\Lib\site-packages\jwt\algorithms.py", line 326, in prepare_key
    key_bytes = force_bytes(key)
  File "C:\Users\HP\Downloads\1\ghostnet-backend\.venv\Lib\site-packages\jwt\utils.py", line 22, in force_bytes
    raise TypeError("Expected a string value")
TypeError: Expected a string value
2026-05-05 02:01:58,036 - INFO - 127.0.0.1 - - [05/May/2026 02:01:58] "[35m[1mPOST /api/login HTTP/1.1[0m" 500 -
2026-05-05 02:03:12,220 - INFO - 127.0.0.1 - - [05/May/2026 02:03:12] "OPTIONS /api/login HTTP/1.1" 200 -
2026-05-05 02:03:12,995 - ERROR - Exception on /api/login [POST]
Traceback (most recent call last):
  File "C:\Users\HP\Downloads\1\ghostnet-backend\.venv\Lib\site-packages\flask\app.py", line 1511, in wsgi_app
    response = self.full_dispatch_request()
  File "C:\Users\HP\Downloads\1\ghostnet-backend\.venv\Lib\site-packages\flask\app.py", line 919, in full_dispatch_request
    rv = self.handle_user_exception(e)
  File "C:\Users\HP\Downloads\1\ghostnet-backend\.venv\Lib\site-packages\flask_cors\extension.py", line 176, in wrapped_function
    return cors_after_request(app.make_response(f(*args, **kwargs)))
                                                ~^^^^^^^^^^^^^^^^^
  File "C:\Users\HP\Downloads\1\ghostnet-backend\.venv\Lib\site-packages\flask\app.py", line 917, in full_dispatch_request
    rv = self.dispatch_request()
  File "C:\Users\HP\Downloads\1\ghostnet-backend\.venv\Lib\site-packages\flask\app.py", line 902, in dispatch_request
    return self.ensure_sync(self.view_functions[rule.endpoint])(**view_args)  # type: ignore[no-any-return]
           ~~~~~~~~~~~~~~~~~~~~~~~~~~~~~~~~~~~~~~~~~~~~~~~~~~~~^^^^^^^^^^^^^
  File "C:\Users\HP\Downloads\1\ghostnet-backend\.venv\Lib\site-packages\flask_limiter\_limits.py", line 326, in __inner
    return cast(R, flask.current_app.ensure_sync(obj)(*a, **k))
                   ~~~~~~~~~~~~~~~~~~~~~~~~~~~~~~~~~~^^^^^^^^^
  File "C:\Users\HP\Downloads\1\ghostnet-backend\app\presentation\auth_routes.py", line 54, in login
    token = jwt.encode({
        'username': username,
        'role': user['role'],
        'exp': datetime.datetime.utcnow() + datetime.timedelta(hours=1)
    }, current_app.config['JWT_SECRET_KEY'], algorithm="HS256")
  File "C:\Users\HP\Downloads\1\ghostnet-backend\.venv\Lib\site-packages\jwt\api_jwt.py", line 147, in encode
    return self._jws.encode(
           ~~~~~~~~~~~~~~~~^
        json_payload,
        ^^^^^^^^^^^^^
    ...<4 lines>...
        sort_headers=sort_headers,
        ^^^^^^^^^^^^^^^^^^^^^^^^^^
    )
    ^
  File "C:\Users\HP\Downloads\1\ghostnet-backend\.venv\Lib\site-packages\jwt\api_jws.py", line 190, in encode
    key = alg_obj.prepare_key(key)
  File "C:\Users\HP\Downloads\1\ghostnet-backend\.venv\Lib\site-packages\jwt\algorithms.py", line 326, in prepare_key
    key_bytes = force_bytes(key)
  File "C:\Users\HP\Downloads\1\ghostnet-backend\.venv\Lib\site-packages\jwt\utils.py", line 22, in force_bytes
    raise TypeError("Expected a string value")
TypeError: Expected a string value
2026-05-05 02:03:12,997 - INFO - 127.0.0.1 - - [05/May/2026 02:03:12] "[35m[1mPOST /api/login HTTP/1.1[0m" 500 -
2026-05-05 02:05:06,196 - INFO - 127.0.0.1 - - [05/May/2026 02:05:06] "OPTIONS /api/login HTTP/1.1" 200 -
2026-05-05 02:05:07,194 - ERROR - Exception on /api/login [POST]
Traceback (most recent call last):
  File "C:\Users\HP\Downloads\1\ghostnet-backend\.venv\Lib\site-packages\flask\app.py", line 1511, in wsgi_app
    response = self.full_dispatch_request()
  File "C:\Users\HP\Downloads\1\ghostnet-backend\.venv\Lib\site-packages\flask\app.py", line 919, in full_dispatch_request
    rv = self.handle_user_exception(e)
  File "C:\Users\HP\Downloads\1\ghostnet-backend\.venv\Lib\site-packages\flask_cors\extension.py", line 176, in wrapped_function
    return cors_after_request(app.make_response(f(*args, **kwargs)))
                                                ~^^^^^^^^^^^^^^^^^
  File "C:\Users\HP\Downloads\1\ghostnet-backend\.venv\Lib\site-packages\flask\app.py", line 917, in full_dispatch_request
    rv = self.dispatch_request()
  File "C:\Users\HP\Downloads\1\ghostnet-backend\.venv\Lib\site-packages\flask\app.py", line 902, in dispatch_request
    return self.ensure_sync(self.view_functions[rule.endpoint])(**view_args)  # type: ignore[no-any-return]
           ~~~~~~~~~~~~~~~~~~~~~~~~~~~~~~~~~~~~~~~~~~~~~~~~~~~~^^^^^^^^^^^^^
  File "C:\Users\HP\Downloads\1\ghostnet-backend\.venv\Lib\site-packages\flask_limiter\_limits.py", line 326, in __inner
    return cast(R, flask.current_app.ensure_sync(obj)(*a, **k))
                   ~~~~~~~~~~~~~~~~~~~~~~~~~~~~~~~~~~^^^^^^^^^
  File "C:\Users\HP\Downloads\1\ghostnet-backend\app\presentation\auth_routes.py", line 54, in login
    token = jwt.encode({
        'username': username,
        'role': user['role'],
        'exp': datetime.datetime.utcnow() + datetime.timedelta(hours=1)
    }, current_app.config['JWT_SECRET_KEY'], algorithm="HS256")
  File "C:\Users\HP\Downloads\1\ghostnet-backend\.venv\Lib\site-packages\jwt\api_jwt.py", line 147, in encode
    return self._jws.encode(
           ~~~~~~~~~~~~~~~~^
        json_payload,
        ^^^^^^^^^^^^^
    ...<4 lines>...
        sort_headers=sort_headers,
        ^^^^^^^^^^^^^^^^^^^^^^^^^^
    )
    ^
  File "C:\Users\HP\Downloads\1\ghostnet-backend\.venv\Lib\site-packages\jwt\api_jws.py", line 190, in encode
    key = alg_obj.prepare_key(key)
  File "C:\Users\HP\Downloads\1\ghostnet-backend\.venv\Lib\site-packages\jwt\algorithms.py", line 326, in prepare_key
    key_bytes = force_bytes(key)
  File "C:\Users\HP\Downloads\1\ghostnet-backend\.venv\Lib\site-packages\jwt\utils.py", line 22, in force_bytes
    raise TypeError("Expected a string value")
TypeError: Expected a string value
2026-05-05 02:05:07,197 - INFO - 127.0.0.1 - - [05/May/2026 02:05:07] "[35m[1mPOST /api/login HTTP/1.1[0m" 500 -
2026-05-05 02:05:07,272 - INFO - 127.0.0.1 - - [05/May/2026 02:05:07] "OPTIONS /api/login HTTP/1.1" 200 -
2026-05-05 02:05:07,673 - INFO - 127.0.0.1 - - [05/May/2026 02:05:07] "OPTIONS /api/login HTTP/1.1" 200 -
2026-05-05 02:05:07,881 - INFO - 127.0.0.1 - - [05/May/2026 02:05:07] "OPTIONS /api/login HTTP/1.1" 200 -
2026-05-05 02:05:08,069 - INFO - 127.0.0.1 - - [05/May/2026 02:05:08] "OPTIONS /api/login HTTP/1.1" 200 -
2026-05-05 02:05:08,286 - ERROR - Exception on /api/login [POST]
Traceback (most recent call last):
  File "C:\Users\HP\Downloads\1\ghostnet-backend\.venv\Lib\site-packages\flask\app.py", line 1511, in wsgi_app
    response = self.full_dispatch_request()
  File "C:\Users\HP\Downloads\1\ghostnet-backend\.venv\Lib\site-packages\flask\app.py", line 919, in full_dispatch_request
    rv = self.handle_user_exception(e)
  File "C:\Users\HP\Downloads\1\ghostnet-backend\.venv\Lib\site-packages\flask_cors\extension.py", line 176, in wrapped_function
    return cors_after_request(app.make_response(f(*args, **kwargs)))
                                                ~^^^^^^^^^^^^^^^^^
  File "C:\Users\HP\Downloads\1\ghostnet-backend\.venv\Lib\site-packages\flask\app.py", line 917, in full_dispatch_request
    rv = self.dispatch_request()
  File "C:\Users\HP\Downloads\1\ghostnet-backend\.venv\Lib\site-packages\flask\app.py", line 902, in dispatch_request
    return self.ensure_sync(self.view_functions[rule.endpoint])(**view_args)  # type: ignore[no-any-return]
           ~~~~~~~~~~~~~~~~~~~~~~~~~~~~~~~~~~~~~~~~~~~~~~~~~~~~^^^^^^^^^^^^^
  File "C:\Users\HP\Downloads\1\ghostnet-backend\.venv\Lib\site-packages\flask_limiter\_limits.py", line 326, in __inner
    return cast(R, flask.current_app.ensure_sync(obj)(*a, **k))
                   ~~~~~~~~~~~~~~~~~~~~~~~~~~~~~~~~~~^^^^^^^^^
  File "C:\Users\HP\Downloads\1\ghostnet-backend\app\presentation\auth_routes.py", line 54, in login
    token = jwt.encode({
        'username': username,
        'role': user['role'],
        'exp': datetime.datetime.utcnow() + datetime.timedelta(hours=1)
    }, current_app.config['JWT_SECRET_KEY'], algorithm="HS256")
  File "C:\Users\HP\Downloads\1\ghostnet-backend\.venv\Lib\site-packages\jwt\api_jwt.py", line 147, in encode
    return self._jws.encode(
           ~~~~~~~~~~~~~~~~^
        json_payload,
        ^^^^^^^^^^^^^
    ...<4 lines>...
        sort_headers=sort_headers,
        ^^^^^^^^^^^^^^^^^^^^^^^^^^
    )
    ^
  File "C:\Users\HP\Downloads\1\ghostnet-backend\.venv\Lib\site-packages\jwt\api_jws.py", line 190, in encode
    key = alg_obj.prepare_key(key)
  File "C:\Users\HP\Downloads\1\ghostnet-backend\.venv\Lib\site-packages\jwt\algorithms.py", line 326, in prepare_key
    key_bytes = force_bytes(key)
  File "C:\Users\HP\Downloads\1\ghostnet-backend\.venv\Lib\site-packages\jwt\utils.py", line 22, in force_bytes
    raise TypeError("Expected a string value")
TypeError: Expected a string value
2026-05-05 02:05:08,290 - INFO - 127.0.0.1 - - [05/May/2026 02:05:08] "[35m[1mPOST /api/login HTTP/1.1[0m" 500 -
2026-05-05 02:05:08,884 - ERROR - Exception on /api/login [POST]
Traceback (most recent call last):
  File "C:\Users\HP\Downloads\1\ghostnet-backend\.venv\Lib\site-packages\flask\app.py", line 1511, in wsgi_app
    response = self.full_dispatch_request()
  File "C:\Users\HP\Downloads\1\ghostnet-backend\.venv\Lib\site-packages\flask\app.py", line 919, in full_dispatch_request
    rv = self.handle_user_exception(e)
  File "C:\Users\HP\Downloads\1\ghostnet-backend\.venv\Lib\site-packages\flask_cors\extension.py", line 176, in wrapped_function
    return cors_after_request(app.make_response(f(*args, **kwargs)))
                                                ~^^^^^^^^^^^^^^^^^
  File "C:\Users\HP\Downloads\1\ghostnet-backend\.venv\Lib\site-packages\flask\app.py", line 917, in full_dispatch_request
    rv = self.dispatch_request()
  File "C:\Users\HP\Downloads\1\ghostnet-backend\.venv\Lib\site-packages\flask\app.py", line 902, in dispatch_request
    return self.ensure_sync(self.view_functions[rule.endpoint])(**view_args)  # type: ignore[no-any-return]
           ~~~~~~~~~~~~~~~~~~~~~~~~~~~~~~~~~~~~~~~~~~~~~~~~~~~~^^^^^^^^^^^^^
  File "C:\Users\HP\Downloads\1\ghostnet-backend\.venv\Lib\site-packages\flask_limiter\_limits.py", line 326, in __inner
    return cast(R, flask.current_app.ensure_sync(obj)(*a, **k))
                   ~~~~~~~~~~~~~~~~~~~~~~~~~~~~~~~~~~^^^^^^^^^
  File "C:\Users\HP\Downloads\1\ghostnet-backend\app\presentation\auth_routes.py", line 54, in login
    token = jwt.encode({
        'username': username,
        'role': user['role'],
        'exp': datetime.datetime.utcnow() + datetime.timedelta(hours=1)
    }, current_app.config['JWT_SECRET_KEY'], algorithm="HS256")
  File "C:\Users\HP\Downloads\1\ghostnet-backend\.venv\Lib\site-packages\jwt\api_jwt.py", line 147, in encode
    return self._jws.encode(
           ~~~~~~~~~~~~~~~~^
        json_payload,
        ^^^^^^^^^^^^^
    ...<4 lines>...
        sort_headers=sort_headers,
        ^^^^^^^^^^^^^^^^^^^^^^^^^^
    )
    ^
  File "C:\Users\HP\Downloads\1\ghostnet-backend\.venv\Lib\site-packages\jwt\api_jws.py", line 190, in encode
    key = alg_obj.prepare_key(key)
  File "C:\Users\HP\Downloads\1\ghostnet-backend\.venv\Lib\site-packages\jwt\algorithms.py", line 326, in prepare_key
    key_bytes = force_bytes(key)
  File "C:\Users\HP\Downloads\1\ghostnet-backend\.venv\Lib\site-packages\jwt\utils.py", line 22, in force_bytes
    raise TypeError("Expected a string value")
TypeError: Expected a string value
2026-05-05 02:05:08,886 - INFO - 127.0.0.1 - - [05/May/2026 02:05:08] "[35m[1mPOST /api/login HTTP/1.1[0m" 500 -
2026-05-05 02:05:09,330 - ERROR - Exception on /api/login [POST]
Traceback (most recent call last):
  File "C:\Users\HP\Downloads\1\ghostnet-backend\.venv\Lib\site-packages\flask\app.py", line 1511, in wsgi_app
    response = self.full_dispatch_request()
  File "C:\Users\HP\Downloads\1\ghostnet-backend\.venv\Lib\site-packages\flask\app.py", line 919, in full_dispatch_request
    rv = self.handle_user_exception(e)
  File "C:\Users\HP\Downloads\1\ghostnet-backend\.venv\Lib\site-packages\flask_cors\extension.py", line 176, in wrapped_function
    return cors_after_request(app.make_response(f(*args, **kwargs)))
                                                ~^^^^^^^^^^^^^^^^^
  File "C:\Users\HP\Downloads\1\ghostnet-backend\.venv\Lib\site-packages\flask\app.py", line 917, in full_dispatch_request
    rv = self.dispatch_request()
  File "C:\Users\HP\Downloads\1\ghostnet-backend\.venv\Lib\site-packages\flask\app.py", line 902, in dispatch_request
    return self.ensure_sync(self.view_functions[rule.endpoint])(**view_args)  # type: ignore[no-any-return]
           ~~~~~~~~~~~~~~~~~~~~~~~~~~~~~~~~~~~~~~~~~~~~~~~~~~~~^^^^^^^^^^^^^
  File "C:\Users\HP\Downloads\1\ghostnet-backend\.venv\Lib\site-packages\flask_limiter\_limits.py", line 326, in __inner
    return cast(R, flask.current_app.ensure_sync(obj)(*a, **k))
                   ~~~~~~~~~~~~~~~~~~~~~~~~~~~~~~~~~~^^^^^^^^^
  File "C:\Users\HP\Downloads\1\ghostnet-backend\app\presentation\auth_routes.py", line 54, in login
    token = jwt.encode({
        'username': username,
        'role': user['role'],
        'exp': datetime.datetime.utcnow() + datetime.timedelta(hours=1)
    }, current_app.config['JWT_SECRET_KEY'], algorithm="HS256")
  File "C:\Users\HP\Downloads\1\ghostnet-backend\.venv\Lib\site-packages\jwt\api_jwt.py", line 147, in encode
    return self._jws.encode(
           ~~~~~~~~~~~~~~~~^
        json_payload,
        ^^^^^^^^^^^^^
    ...<4 lines>...
        sort_headers=sort_headers,
        ^^^^^^^^^^^^^^^^^^^^^^^^^^
    )
    ^
  File "C:\Users\HP\Downloads\1\ghostnet-backend\.venv\Lib\site-packages\jwt\api_jws.py", line 190, in encode
    key = alg_obj.prepare_key(key)
  File "C:\Users\HP\Downloads\1\ghostnet-backend\.venv\Lib\site-packages\jwt\algorithms.py", line 326, in prepare_key
    key_bytes = force_bytes(key)
  File "C:\Users\HP\Downloads\1\ghostnet-backend\.venv\Lib\site-packages\jwt\utils.py", line 22, in force_bytes
    raise TypeError("Expected a string value")
TypeError: Expected a string value
2026-05-05 02:05:09,334 - INFO - 127.0.0.1 - - [05/May/2026 02:05:09] "[35m[1mPOST /api/login HTTP/1.1[0m" 500 -
2026-05-05 02:05:09,437 - ERROR - Exception on /api/login [POST]
Traceback (most recent call last):
  File "C:\Users\HP\Downloads\1\ghostnet-backend\.venv\Lib\site-packages\flask\app.py", line 1511, in wsgi_app
    response = self.full_dispatch_request()
  File "C:\Users\HP\Downloads\1\ghostnet-backend\.venv\Lib\site-packages\flask\app.py", line 919, in full_dispatch_request
    rv = self.handle_user_exception(e)
  File "C:\Users\HP\Downloads\1\ghostnet-backend\.venv\Lib\site-packages\flask_cors\extension.py", line 176, in wrapped_function
    return cors_after_request(app.make_response(f(*args, **kwargs)))
                                                ~^^^^^^^^^^^^^^^^^
  File "C:\Users\HP\Downloads\1\ghostnet-backend\.venv\Lib\site-packages\flask\app.py", line 917, in full_dispatch_request
    rv = self.dispatch_request()
  File "C:\Users\HP\Downloads\1\ghostnet-backend\.venv\Lib\site-packages\flask\app.py", line 902, in dispatch_request
    return self.ensure_sync(self.view_functions[rule.endpoint])(**view_args)  # type: ignore[no-any-return]
           ~~~~~~~~~~~~~~~~~~~~~~~~~~~~~~~~~~~~~~~~~~~~~~~~~~~~^^^^^^^^^^^^^
  File "C:\Users\HP\Downloads\1\ghostnet-backend\.venv\Lib\site-packages\flask_limiter\_limits.py", line 326, in __inner
    return cast(R, flask.current_app.ensure_sync(obj)(*a, **k))
                   ~~~~~~~~~~~~~~~~~~~~~~~~~~~~~~~~~~^^^^^^^^^
  File "C:\Users\HP\Downloads\1\ghostnet-backend\app\presentation\auth_routes.py", line 54, in login
    token = jwt.encode({
        'username': username,
        'role': user['role'],
        'exp': datetime.datetime.utcnow() + datetime.timedelta(hours=1)
    }, current_app.config['JWT_SECRET_KEY'], algorithm="HS256")
  File "C:\Users\HP\Downloads\1\ghostnet-backend\.venv\Lib\site-packages\jwt\api_jwt.py", line 147, in encode
    return self._jws.encode(
           ~~~~~~~~~~~~~~~~^
        json_payload,
        ^^^^^^^^^^^^^
    ...<4 lines>...
        sort_headers=sort_headers,
        ^^^^^^^^^^^^^^^^^^^^^^^^^^
    )
    ^
  File "C:\Users\HP\Downloads\1\ghostnet-backend\.venv\Lib\site-packages\jwt\api_jws.py", line 190, in encode
    key = alg_obj.prepare_key(key)
  File "C:\Users\HP\Downloads\1\ghostnet-backend\.venv\Lib\site-packages\jwt\algorithms.py", line 326, in prepare_key
    key_bytes = force_bytes(key)
  File "C:\Users\HP\Downloads\1\ghostnet-backend\.venv\Lib\site-packages\jwt\utils.py", line 22, in force_bytes
    raise TypeError("Expected a string value")
TypeError: Expected a string value
2026-05-05 02:05:09,440 - INFO - 127.0.0.1 - - [05/May/2026 02:05:09] "[35m[1mPOST /api/login HTTP/1.1[0m" 500 -
2026-05-05 02:14:30,844 - INFO - [31m[1mWARNING: This is a development server. Do not use it in a production deployment. Use a production WSGI server instead.[0m
 * Running on http://127.0.0.1:5000
2026-05-05 02:14:30,844 - INFO - [33mPress CTRL+C to quit[0m
2026-05-05 02:15:12,948 - INFO - 127.0.0.1 - - [05/May/2026 02:15:12] "OPTIONS /api/login HTTP/1.1" 200 -
2026-05-05 02:15:13,714 - INFO - LOGIN SUCCESS: overwatch_admin
2026-05-05 02:15:13,714 - INFO - 127.0.0.1 - - [05/May/2026 02:15:13] "POST /api/login HTTP/1.1" 200 -
2026-05-05 02:19:45,539 - INFO - [31m[1mWARNING: This is a development server. Do not use it in a production deployment. Use a production WSGI server instead.[0m
 * Running on http://127.0.0.1:5000
2026-05-05 02:19:45,539 - INFO - [33mPress CTRL+C to quit[0m
2026-05-05 02:21:10,803 - INFO - 127.0.0.1 - - [05/May/2026 02:21:10] "OPTIONS /api/login HTTP/1.1" 200 -
2026-05-05 02:21:11,574 - INFO - LOGIN SUCCESS: overwatch_admin
2026-05-05 02:21:11,574 - INFO - 127.0.0.1 - - [05/May/2026 02:21:11] "POST /api/login HTTP/1.1" 200 -
2026-05-05 02:26:55,528 - INFO - 127.0.0.1 - - [05/May/2026 02:26:55] "OPTIONS /api/login HTTP/1.1" 200 -
2026-05-05 02:26:56,292 - INFO - LOGIN SUCCESS: overwatch_admin
2026-05-05 02:26:56,292 - INFO - 127.0.0.1 - - [05/May/2026 02:26:56] "POST /api/login HTTP/1.1" 200 -
2026-05-05 02:27:23,758 - INFO - [31m[1mWARNING: This is a development server. Do not use it in a production deployment. Use a production WSGI server instead.[0m
 * Running on http://127.0.0.1:5000
2026-05-05 02:27:23,758 - INFO - [33mPress CTRL+C to quit[0m
2026-05-05 02:28:06,807 - INFO - 127.0.0.1 - - [05/May/2026 02:28:06] "OPTIONS /api/login HTTP/1.1" 200 -
2026-05-05 02:28:07,634 - INFO - LOGIN SUCCESS: overwatch_admin
2026-05-05 02:28:07,635 - INFO - 127.0.0.1 - - [05/May/2026 02:28:07] "POST /api/login HTTP/1.1" 200 -
2026-05-05 02:29:58,986 - INFO - 127.0.0.1 - - [05/May/2026 02:29:58] "OPTIONS /api/login HTTP/1.1" 200 -
2026-05-05 02:29:59,916 - INFO - LOGIN SUCCESS: overwatch_admin
2026-05-05 02:29:59,916 - INFO - 127.0.0.1 - - [05/May/2026 02:29:59] "POST /api/login HTTP/1.1" 200 -
2026-05-05 02:32:44,772 - INFO - [31m[1mWARNING: This is a development server. Do not use it in a production deployment. Use a production WSGI server instead.[0m
 * Running on http://127.0.0.1:5000
2026-05-05 02:32:44,772 - INFO - [33mPress CTRL+C to quit[0m
2026-05-05 02:33:44,622 - INFO - 127.0.0.1 - - [05/May/2026 02:33:44] "OPTIONS /api/login HTTP/1.1" 200 -
2026-05-05 02:33:45,403 - INFO - LOGIN SUCCESS: overwatch_admin
2026-05-05 02:33:45,403 - INFO - 127.0.0.1 - - [05/May/2026 02:33:45] "POST /api/login HTTP/1.1" 200 -
2026-05-05 02:34:44,833 - INFO - 127.0.0.1 - - [05/May/2026 02:34:44] "OPTIONS /api/messages/send HTTP/1.1" 200 -
2026-05-05 02:34:44,845 - INFO - MESSAGE SENT: overwatch_admin posted to cell_alpha
2026-05-05 02:34:44,847 - INFO - 127.0.0.1 - - [05/May/2026 02:34:44] "POST /api/messages/send HTTP/1.1" 200 -
2026-05-05 02:34:44,858 - INFO - 127.0.0.1 - - [05/May/2026 02:34:44] "OPTIONS /api/messages/cell_alpha HTTP/1.1" 200 -
2026-05-05 02:34:44,880 - INFO - 127.0.0.1 - - [05/May/2026 02:34:44] "GET /api/messages/cell_alpha HTTP/1.1" 200 -
2026-05-05 02:34:52,212 - INFO - 127.0.0.1 - - [05/May/2026 02:34:52] "OPTIONS /api/messages/cell_alpha HTTP/1.1" 200 -
2026-05-05 02:34:52,220 - INFO - 127.0.0.1 - - [05/May/2026 02:34:52] "GET /api/messages/cell_alpha HTTP/1.1" 200 -
2026-05-05 02:34:53,790 - INFO - 127.0.0.1 - - [05/May/2026 02:34:53] "OPTIONS /api/messages/cell_alpha HTTP/1.1" 200 -
2026-05-05 02:34:53,800 - INFO - 127.0.0.1 - - [05/May/2026 02:34:53] "GET /api/messages/cell_alpha HTTP/1.1" 200 -
2026-05-05 02:36:05,151 - INFO - 127.0.0.1 - - [05/May/2026 02:36:05] "OPTIONS /api/messages/cell_alpha HTTP/1.1" 200 -
2026-05-05 02:36:05,159 - INFO - 127.0.0.1 - - [05/May/2026 02:36:05] "GET /api/messages/cell_alpha HTTP/1.1" 200 -
